
**** Build of configuration Nios II for project JPEG_Encoder ****

make all 
      1 [main] sh 12868 find_fast_cwd: WARNING: Couldn't compute FAST_CWD pointer.  Please report this problem to
the public mailing list cygwin@cygwin.com
      1 [main] sh 23100 find_fast_cwd: WARNING: Couldn't compute FAST_CWD pointer.  Please report this problem to
the public mailing list cygwin@cygwin.com
      1 [main] echo 16908 find_fast_cwd: WARNING: Couldn't compute FAST_CWD pointer.  Please report this problem to
Info: Building ../JPEG_Encoder_bsp/
the public mailing list cygwin@cygwin.com
make --no-print-directory -C ../JPEG_Encoder_bsp/
      2 [main] pwd 21984 find_fast_cwd: WARNING: Couldn't compute FAST_CWD pointer.  Please report this problem to
the public mailing list cygwin@cygwin.com
      1 [main] sh 12176 find_fast_cwd: WARNING: Couldn't compute FAST_CWD pointer.  Please report this problem to
the public mailing list cygwin@cygwin.com
      1 [main] echo 21252 find_fast_cwd: WARNING: Couldn't compute FAST_CWD pointer.  Please report this problem to
the public mailing list cygwin@cygwin.com
Compiling alt_alarm_start.c...
      1 [main] mkdir 1116 find_fast_cwd: WARNING: Couldn't compute FAST_CWD pointer.  Please report this problem to
the public mailing list cygwin@cygwin.com
nios2-elf-gcc -xc -MP -MMD -c  -I./HAL/inc -I. -I./drivers/inc -DSYSTEM_BUS_WIDTH=32 -pipe -D__hal__ -DALT_NO_INSTRUCTION_EMULATION -DALT_SINGLE_THREADED    -O0 -g -Wall  -EL -mno-hw-div -mno-hw-mul -mno-hw-mulx   -o obj/HAL/src/alt_alarm_start.o HAL/src/alt_alarm_start.c
      1 [main] echo 18288 find_fast_cwd: WARNING: Couldn't compute FAST_CWD pointer.  Please report this problem to
the public mailing list cygwin@cygwin.com
Compiling alt_busy_sleep.c...
      1 [main] mkdir 13028 find_fast_cwd: WARNING: Couldn't compute FAST_CWD pointer.  Please report this problem to
the public mailing list cygwin@cygwin.com
nios2-elf-gcc -xc -MP -MMD -c  -I./HAL/inc -I. -I./drivers/inc -DSYSTEM_BUS_WIDTH=32 -pipe -D__hal__ -DALT_NO_INSTRUCTION_EMULATION -DALT_SINGLE_THREADED    -O0 -g -Wall  -EL -mno-hw-div -mno-hw-mul -mno-hw-mulx   -o obj/HAL/src/alt_busy_sleep.o HAL/src/alt_busy_sleep.c
      1 [main] echo 4260 find_fast_cwd: WARNING: Couldn't compute FAST_CWD pointer.  Please report this problem to
the public mailing list cygwin@cygwin.com
Compiling alt_close.c...
      1 [main] mkdir 22124 find_fast_cwd: WARNING: Couldn't compute FAST_CWD pointer.  Please report this problem to
the public mailing list cygwin@cygwin.com
nios2-elf-gcc -xc -MP -MMD -c  -I./HAL/inc -I. -I./drivers/inc -DSYSTEM_BUS_WIDTH=32 -pipe -D__hal__ -DALT_NO_INSTRUCTION_EMULATION -DALT_SINGLE_THREADED    -O0 -g -Wall  -EL -mno-hw-div -mno-hw-mul -mno-hw-mulx   -o obj/HAL/src/alt_close.o HAL/src/alt_close.c
      1 [main] echo 9812 find_fast_cwd: WARNING: Couldn't compute FAST_CWD pointer.  Please report this problem to
the public mailing list cygwin@cygwin.com
Compiling alt_dcache_flush.c...
      1 [main] mkdir 2208 find_fast_cwd: WARNING: Couldn't compute FAST_CWD pointer.  Please report this problem to
the public mailing list cygwin@cygwin.com
nios2-elf-gcc -xc -MP -MMD -c  -I./HAL/inc -I. -I./drivers/inc -DSYSTEM_BUS_WIDTH=32 -pipe -D__hal__ -DALT_NO_INSTRUCTION_EMULATION -DALT_SINGLE_THREADED    -O0 -g -Wall  -EL -mno-hw-div -mno-hw-mul -mno-hw-mulx   -o obj/HAL/src/alt_dcache_flush.o HAL/src/alt_dcache_flush.c
      1 [main] echo 22580 find_fast_cwd: WARNING: Couldn't compute FAST_CWD pointer.  Please report this problem to
the public mailing list cygwin@cygwin.com
Compiling alt_dcache_flush_all.c...
      1 [main] mkdir 5004 find_fast_cwd: WARNING: Couldn't compute FAST_CWD pointer.  Please report this problem to
nios2-elf-gcc -xc -MP -MMD -c  -I./HAL/inc -I. -I./drivers/inc -DSYSTEM_BUS_WIDTH=32 -pipe -D__hal__ -DALT_NO_INSTRUCTION_EMULATION -DALT_SINGLE_THREADED    -O0 -g -Wall  -EL -mno-hw-div -mno-hw-mul -mno-hw-mulx   -o obj/HAL/src/alt_dcache_flush_all.o HAL/src/alt_dcache_flush_all.c
the public mailing list cygwin@cygwin.com
      1 [main] echo 11060 find_fast_cwd: WARNING: Couldn't compute FAST_CWD pointer.  Please report this problem to
Compiling alt_dcache_flush_no_writeback.c...
the public mailing list cygwin@cygwin.com
      1 [main] mkdir 24288 find_fast_cwd: WARNING: Couldn't compute FAST_CWD pointer.  Please report this problem to
the public mailing list cygwin@cygwin.com
nios2-elf-gcc -xc -MP -MMD -c  -I./HAL/inc -I. -I./drivers/inc -DSYSTEM_BUS_WIDTH=32 -pipe -D__hal__ -DALT_NO_INSTRUCTION_EMULATION -DALT_SINGLE_THREADED    -O0 -g -Wall  -EL -mno-hw-div -mno-hw-mul -mno-hw-mulx   -o obj/HAL/src/alt_dcache_flush_no_writeback.o HAL/src/alt_dcache_flush_no_writeback.c
      1 [main] echo 22736 find_fast_cwd: WARNING: Couldn't compute FAST_CWD pointer.  Please report this problem to
the public mailing list cygwin@cygwin.com
Compiling alt_dev.c...
      1 [main] mkdir 22884 find_fast_cwd: WARNING: Couldn't compute FAST_CWD pointer.  Please report this problem to
nios2-elf-gcc -xc -MP -MMD -c  -I./HAL/inc -I. -I./drivers/inc -DSYSTEM_BUS_WIDTH=32 -pipe -D__hal__ -DALT_NO_INSTRUCTION_EMULATION -DALT_SINGLE_THREADED    -O0 -g -Wall  -EL -mno-hw-div -mno-hw-mul -mno-hw-mulx   -o obj/HAL/src/alt_dev.o HAL/src/alt_dev.c
the public mailing list cygwin@cygwin.com
      1 [main] echo 21120 find_fast_cwd: WARNING: Couldn't compute FAST_CWD pointer.  Please report this problem to
Compiling alt_dma_rxchan_open.c...
the public mailing list cygwin@cygwin.com
      1 [main] mkdir 23564 find_fast_cwd: WARNING: Couldn't compute FAST_CWD pointer.  Please report this problem to
the public mailing list cygwin@cygwin.com
nios2-elf-gcc -xc -MP -MMD -c  -I./HAL/inc -I. -I./drivers/inc -DSYSTEM_BUS_WIDTH=32 -pipe -D__hal__ -DALT_NO_INSTRUCTION_EMULATION -DALT_SINGLE_THREADED    -O0 -g -Wall  -EL -mno-hw-div -mno-hw-mul -mno-hw-mulx   -o obj/HAL/src/alt_dma_rxchan_open.o HAL/src/alt_dma_rxchan_open.c
      1 [main] echo 6280 find_fast_cwd: WARNING: Couldn't compute FAST_CWD pointer.  Please report this problem to
Compiling alt_dma_txchan_open.c...
the public mailing list cygwin@cygwin.com
      1 [main] mkdir 20740 find_fast_cwd: WARNING: Couldn't compute FAST_CWD pointer.  Please report this problem to
nios2-elf-gcc -xc -MP -MMD -c  -I./HAL/inc -I. -I./drivers/inc -DSYSTEM_BUS_WIDTH=32 -pipe -D__hal__ -DALT_NO_INSTRUCTION_EMULATION -DALT_SINGLE_THREADED    -O0 -g -Wall  -EL -mno-hw-div -mno-hw-mul -mno-hw-mulx   -o obj/HAL/src/alt_dma_txchan_open.o HAL/src/alt_dma_txchan_open.c
the public mailing list cygwin@cygwin.com
      1 [main] echo 1440 find_fast_cwd: WARNING: Couldn't compute FAST_CWD pointer.  Please report this problem to
Compiling alt_exception_entry.S...
the public mailing list cygwin@cygwin.com
      1 [main] mkdir 1520 find_fast_cwd: WARNING: Couldn't compute FAST_CWD pointer.  Please report this problem to
the public mailing list cygwin@cygwin.com
nios2-elf-gcc -MP -MMD -c   -O0 -g -Wall  -EL -mno-hw-div -mno-hw-mul -mno-hw-mulx    -I./HAL/inc -I. -I./drivers/inc -DSYSTEM_BUS_WIDTH=32 -pipe -D__hal__ -DALT_NO_INSTRUCTION_EMULATION -DALT_SINGLE_THREADED  -Wa,-gdwarf2  -o obj/HAL/src/alt_exception_entry.o HAL/src/alt_exception_entry.S
      1 [main] echo 11452 find_fast_cwd: WARNING: Couldn't compute FAST_CWD pointer.  Please report this problem to
Compiling alt_exit.c...
the public mailing list cygwin@cygwin.com
      1 [main] mkdir 7204 find_fast_cwd: WARNING: Couldn't compute FAST_CWD pointer.  Please report this problem to
nios2-elf-gcc -xc -MP -MMD -c  -I./HAL/inc -I. -I./drivers/inc -DSYSTEM_BUS_WIDTH=32 -pipe -D__hal__ -DALT_NO_INSTRUCTION_EMULATION -DALT_SINGLE_THREADED    -O0 -g -Wall  -EL -mno-hw-div -mno-hw-mul -mno-hw-mulx   -o obj/HAL/src/alt_exit.o HAL/src/alt_exit.c
the public mailing list cygwin@cygwin.com
      1 [main] echo 19636 find_fast_cwd: WARNING: Couldn't compute FAST_CWD pointer.  Please report this problem to
Compiling alt_fcntl.c...
the public mailing list cygwin@cygwin.com
      1 [main] mkdir 15436 find_fast_cwd: WARNING: Couldn't compute FAST_CWD pointer.  Please report this problem to
nios2-elf-gcc -xc -MP -MMD -c  -I./HAL/inc -I. -I./drivers/inc -DSYSTEM_BUS_WIDTH=32 -pipe -D__hal__ -DALT_NO_INSTRUCTION_EMULATION -DALT_SINGLE_THREADED    -O0 -g -Wall  -EL -mno-hw-div -mno-hw-mul -mno-hw-mulx   -o obj/HAL/src/alt_fcntl.o HAL/src/alt_fcntl.c
the public mailing list cygwin@cygwin.com
      1 [main] echo 20760 find_fast_cwd: WARNING: Couldn't compute FAST_CWD pointer.  Please report this problem to
the public mailing list cygwin@cygwin.com
Compiling alt_fd_lock.c...
      1 [main] mkdir 7992 find_fast_cwd: WARNING: Couldn't compute FAST_CWD pointer.  Please report this problem to
the public mailing list cygwin@cygwin.com
nios2-elf-gcc -xc -MP -MMD -c  -I./HAL/inc -I. -I./drivers/inc -DSYSTEM_BUS_WIDTH=32 -pipe -D__hal__ -DALT_NO_INSTRUCTION_EMULATION -DALT_SINGLE_THREADED    -O0 -g -Wall  -EL -mno-hw-div -mno-hw-mul -mno-hw-mulx   -o obj/HAL/src/alt_fd_lock.o HAL/src/alt_fd_lock.c
      1 [main] echo 14288 find_fast_cwd: WARNING: Couldn't compute FAST_CWD pointer.  Please report this problem to
the public mailing list cygwin@cygwin.com
Compiling alt_fd_unlock.c...
      1 [main] mkdir 4032 find_fast_cwd: WARNING: Couldn't compute FAST_CWD pointer.  Please report this problem to
nios2-elf-gcc -xc -MP -MMD -c  -I./HAL/inc -I. -I./drivers/inc -DSYSTEM_BUS_WIDTH=32 -pipe -D__hal__ -DALT_NO_INSTRUCTION_EMULATION -DALT_SINGLE_THREADED    -O0 -g -Wall  -EL -mno-hw-div -mno-hw-mul -mno-hw-mulx   -o obj/HAL/src/alt_fd_unlock.o HAL/src/alt_fd_unlock.c
the public mailing list cygwin@cygwin.com
      1 [main] echo 2792 find_fast_cwd: WARNING: Couldn't compute FAST_CWD pointer.  Please report this problem to
the public mailing list cygwin@cygwin.com
Compiling alt_find_dev.c...
      1 [main] mkdir 20212 find_fast_cwd: WARNING: Couldn't compute FAST_CWD pointer.  Please report this problem to
the public mailing list cygwin@cygwin.com
nios2-elf-gcc -xc -MP -MMD -c  -I./HAL/inc -I. -I./drivers/inc -DSYSTEM_BUS_WIDTH=32 -pipe -D__hal__ -DALT_NO_INSTRUCTION_EMULATION -DALT_SINGLE_THREADED    -O0 -g -Wall  -EL -mno-hw-div -mno-hw-mul -mno-hw-mulx   -o obj/HAL/src/alt_find_dev.o HAL/src/alt_find_dev.c
      1 [main] echo 23436 find_fast_cwd: WARNING: Couldn't compute FAST_CWD pointer.  Please report this problem to
the public mailing list cygwin@cygwin.com
Compiling alt_find_file.c...
      1 [main] mkdir 4204 find_fast_cwd: WARNING: Couldn't compute FAST_CWD pointer.  Please report this problem to
the public mailing list cygwin@cygwin.com
nios2-elf-gcc -xc -MP -MMD -c  -I./HAL/inc -I. -I./drivers/inc -DSYSTEM_BUS_WIDTH=32 -pipe -D__hal__ -DALT_NO_INSTRUCTION_EMULATION -DALT_SINGLE_THREADED    -O0 -g -Wall  -EL -mno-hw-div -mno-hw-mul -mno-hw-mulx   -o obj/HAL/src/alt_find_file.o HAL/src/alt_find_file.c
      3 [main] echo 19936 find_fast_cwd: WARNING: Couldn't compute FAST_CWD pointer.  Please report this problem to
the public mailing list cygwin@cygwin.com
Compiling alt_flash_dev.c...
      6 [main] mkdir 7280 find_fast_cwd: WARNING: Couldn't compute FAST_CWD pointer.  Please report this problem to
the public mailing list cygwin@cygwin.com
nios2-elf-gcc -xc -MP -MMD -c  -I./HAL/inc -I. -I./drivers/inc -DSYSTEM_BUS_WIDTH=32 -pipe -D__hal__ -DALT_NO_INSTRUCTION_EMULATION -DALT_SINGLE_THREADED    -O0 -g -Wall  -EL -mno-hw-div -mno-hw-mul -mno-hw-mulx   -o obj/HAL/src/alt_flash_dev.o HAL/src/alt_flash_dev.c
      1 [main] echo 19528 find_fast_cwd: WARNING: Couldn't compute FAST_CWD pointer.  Please report this problem to
the public mailing list cygwin@cygwin.com
Compiling alt_fs_reg.c...
      1 [main] mkdir 22920 find_fast_cwd: WARNING: Couldn't compute FAST_CWD pointer.  Please report this problem to
the public mailing list cygwin@cygwin.com
nios2-elf-gcc -xc -MP -MMD -c  -I./HAL/inc -I. -I./drivers/inc -DSYSTEM_BUS_WIDTH=32 -pipe -D__hal__ -DALT_NO_INSTRUCTION_EMULATION -DALT_SINGLE_THREADED    -O0 -g -Wall  -EL -mno-hw-div -mno-hw-mul -mno-hw-mulx   -o obj/HAL/src/alt_fs_reg.o HAL/src/alt_fs_reg.c
      1 [main] echo 9196 find_fast_cwd: WARNING: Couldn't compute FAST_CWD pointer.  Please report this problem to
the public mailing list cygwin@cygwin.com
Compiling alt_fstat.c...
      1 [main] mkdir 10432 find_fast_cwd: WARNING: Couldn't compute FAST_CWD pointer.  Please report this problem to
nios2-elf-gcc -xc -MP -MMD -c  -I./HAL/inc -I. -I./drivers/inc -DSYSTEM_BUS_WIDTH=32 -pipe -D__hal__ -DALT_NO_INSTRUCTION_EMULATION -DALT_SINGLE_THREADED    -O0 -g -Wall  -EL -mno-hw-div -mno-hw-mul -mno-hw-mulx   -o obj/HAL/src/alt_fstat.o HAL/src/alt_fstat.c
the public mailing list cygwin@cygwin.com
      1 [main] echo 12572 find_fast_cwd: WARNING: Couldn't compute FAST_CWD pointer.  Please report this problem to
the public mailing list cygwin@cygwin.com
Compiling alt_get_fd.c...
      1 [main] mkdir 22944 find_fast_cwd: WARNING: Couldn't compute FAST_CWD pointer.  Please report this problem to
nios2-elf-gcc -xc -MP -MMD -c  -I./HAL/inc -I. -I./drivers/inc -DSYSTEM_BUS_WIDTH=32 -pipe -D__hal__ -DALT_NO_INSTRUCTION_EMULATION -DALT_SINGLE_THREADED    -O0 -g -Wall  -EL -mno-hw-div -mno-hw-mul -mno-hw-mulx   -o obj/HAL/src/alt_get_fd.o HAL/src/alt_get_fd.c
the public mailing list cygwin@cygwin.com
      1 [main] echo 14508 find_fast_cwd: WARNING: Couldn't compute FAST_CWD pointer.  Please report this problem to
Compiling alt_gmon.c...
the public mailing list cygwin@cygwin.com
      1 [main] mkdir 14952 find_fast_cwd: WARNING: Couldn't compute FAST_CWD pointer.  Please report this problem to
the public mailing list cygwin@cygwin.com
nios2-elf-gcc -xc -MP -MMD -c  -I./HAL/inc -I. -I./drivers/inc -DSYSTEM_BUS_WIDTH=32 -pipe -D__hal__ -DALT_NO_INSTRUCTION_EMULATION -DALT_SINGLE_THREADED    -O0 -g -Wall  -EL -mno-hw-div -mno-hw-mul -mno-hw-mulx   -o obj/HAL/src/alt_gmon.o HAL/src/alt_gmon.c
      5 [main] echo 22500 find_fast_cwd: WARNING: Couldn't compute FAST_CWD pointer.  Please report this problem to
Compiling alt_icache_flush.c...
the public mailing list cygwin@cygwin.com
      4 [main] mkdir 15296 find_fast_cwd: WARNING: Couldn't compute FAST_CWD pointer.  Please report this problem to
the public mailing list cygwin@cygwin.com
nios2-elf-gcc -xc -MP -MMD -c  -I./HAL/inc -I. -I./drivers/inc -DSYSTEM_BUS_WIDTH=32 -pipe -D__hal__ -DALT_NO_INSTRUCTION_EMULATION -DALT_SINGLE_THREADED    -O0 -g -Wall  -EL -mno-hw-div -mno-hw-mul -mno-hw-mulx   -o obj/HAL/src/alt_icache_flush.o HAL/src/alt_icache_flush.c
      5 [main] echo 19424 find_fast_cwd: WARNING: Couldn't compute FAST_CWD pointer.  Please report this problem to
the public mailing list cygwin@cygwin.com
Compiling alt_icache_flush_all.c...
      1 [main] mkdir 4968 find_fast_cwd: WARNING: Couldn't compute FAST_CWD pointer.  Please report this problem to
nios2-elf-gcc -xc -MP -MMD -c  -I./HAL/inc -I. -I./drivers/inc -DSYSTEM_BUS_WIDTH=32 -pipe -D__hal__ -DALT_NO_INSTRUCTION_EMULATION -DALT_SINGLE_THREADED    -O0 -g -Wall  -EL -mno-hw-div -mno-hw-mul -mno-hw-mulx   -o obj/HAL/src/alt_icache_flush_all.o HAL/src/alt_icache_flush_all.c
the public mailing list cygwin@cygwin.com
      1 [main] echo 14152 find_fast_cwd: WARNING: Couldn't compute FAST_CWD pointer.  Please report this problem to
the public mailing list cygwin@cygwin.com
Compiling alt_iic.c...
      2 [main] mkdir 23948 find_fast_cwd: WARNING: Couldn't compute FAST_CWD pointer.  Please report this problem to
the public mailing list cygwin@cygwin.com
nios2-elf-gcc -xc -MP -MMD -c  -I./HAL/inc -I. -I./drivers/inc -DSYSTEM_BUS_WIDTH=32 -pipe -D__hal__ -DALT_NO_INSTRUCTION_EMULATION -DALT_SINGLE_THREADED    -O0 -g -Wall  -EL -mno-hw-div -mno-hw-mul -mno-hw-mulx   -o obj/HAL/src/alt_iic.o HAL/src/alt_iic.c
      1 [main] echo 4792 find_fast_cwd: WARNING: Couldn't compute FAST_CWD pointer.  Please report this problem to
the public mailing list cygwin@cygwin.com
Compiling alt_iic_isr_register.c...
      1 [main] mkdir 12452 find_fast_cwd: WARNING: Couldn't compute FAST_CWD pointer.  Please report this problem to
the public mailing list cygwin@cygwin.com
nios2-elf-gcc -xc -MP -MMD -c  -I./HAL/inc -I. -I./drivers/inc -DSYSTEM_BUS_WIDTH=32 -pipe -D__hal__ -DALT_NO_INSTRUCTION_EMULATION -DALT_SINGLE_THREADED    -O0 -g -Wall  -EL -mno-hw-div -mno-hw-mul -mno-hw-mulx   -o obj/HAL/src/alt_iic_isr_register.o HAL/src/alt_iic_isr_register.c
      4 [main] echo 21732 find_fast_cwd: WARNING: Couldn't compute FAST_CWD pointer.  Please report this problem to
the public mailing list cygwin@cygwin.com
Compiling alt_instruction_exception_entry.c...
      3 [main] mkdir 15860 find_fast_cwd: WARNING: Couldn't compute FAST_CWD pointer.  Please report this problem to
nios2-elf-gcc -xc -MP -MMD -c  -I./HAL/inc -I. -I./drivers/inc -DSYSTEM_BUS_WIDTH=32 -pipe -D__hal__ -DALT_NO_INSTRUCTION_EMULATION -DALT_SINGLE_THREADED    -O0 -g -Wall  -EL -mno-hw-div -mno-hw-mul -mno-hw-mulx   -o obj/HAL/src/alt_instruction_exception_entry.o HAL/src/alt_instruction_exception_entry.c
the public mailing list cygwin@cygwin.com
      1 [main] echo 24380 find_fast_cwd: WARNING: Couldn't compute FAST_CWD pointer.  Please report this problem to
the public mailing list cygwin@cygwin.com
Compiling alt_instruction_exception_register.c...
      1 [main] mkdir 4208 find_fast_cwd: WARNING: Couldn't compute FAST_CWD pointer.  Please report this problem to
nios2-elf-gcc -xc -MP -MMD -c  -I./HAL/inc -I. -I./drivers/inc -DSYSTEM_BUS_WIDTH=32 -pipe -D__hal__ -DALT_NO_INSTRUCTION_EMULATION -DALT_SINGLE_THREADED    -O0 -g -Wall  -EL -mno-hw-div -mno-hw-mul -mno-hw-mulx   -o obj/HAL/src/alt_instruction_exception_register.o HAL/src/alt_instruction_exception_register.c
the public mailing list cygwin@cygwin.com
      1 [main] echo 17252 find_fast_cwd: WARNING: Couldn't compute FAST_CWD pointer.  Please report this problem to
Compiling alt_io_redirect.c...
the public mailing list cygwin@cygwin.com
      1 [main] mkdir 23196 find_fast_cwd: WARNING: Couldn't compute FAST_CWD pointer.  Please report this problem to
the public mailing list cygwin@cygwin.com
nios2-elf-gcc -xc -MP -MMD -c  -I./HAL/inc -I. -I./drivers/inc -DSYSTEM_BUS_WIDTH=32 -pipe -D__hal__ -DALT_NO_INSTRUCTION_EMULATION -DALT_SINGLE_THREADED    -O0 -g -Wall  -EL -mno-hw-div -mno-hw-mul -mno-hw-mulx   -o obj/HAL/src/alt_io_redirect.o HAL/src/alt_io_redirect.c
      6 [main] echo 11764 find_fast_cwd: WARNING: Couldn't compute FAST_CWD pointer.  Please report this problem to
Compiling alt_ioctl.c...
the public mailing list cygwin@cygwin.com
      6 [main] mkdir 18736 find_fast_cwd: WARNING: Couldn't compute FAST_CWD pointer.  Please report this problem to
the public mailing list cygwin@cygwin.com
nios2-elf-gcc -xc -MP -MMD -c  -I./HAL/inc -I. -I./drivers/inc -DSYSTEM_BUS_WIDTH=32 -pipe -D__hal__ -DALT_NO_INSTRUCTION_EMULATION -DALT_SINGLE_THREADED    -O0 -g -Wall  -EL -mno-hw-div -mno-hw-mul -mno-hw-mulx   -o obj/HAL/src/alt_ioctl.o HAL/src/alt_ioctl.c
      1 [main] echo 7324 find_fast_cwd: WARNING: Couldn't compute FAST_CWD pointer.  Please report this problem to
the public mailing list cygwin@cygwin.com
Compiling alt_irq_entry.S...
      1 [main] mkdir 15264 find_fast_cwd: WARNING: Couldn't compute FAST_CWD pointer.  Please report this problem to
the public mailing list cygwin@cygwin.com
nios2-elf-gcc -MP -MMD -c   -O0 -g -Wall  -EL -mno-hw-div -mno-hw-mul -mno-hw-mulx    -I./HAL/inc -I. -I./drivers/inc -DSYSTEM_BUS_WIDTH=32 -pipe -D__hal__ -DALT_NO_INSTRUCTION_EMULATION -DALT_SINGLE_THREADED  -Wa,-gdwarf2  -o obj/HAL/src/alt_irq_entry.o HAL/src/alt_irq_entry.S
      5 [main] echo 13380 find_fast_cwd: WARNING: Couldn't compute FAST_CWD pointer.  Please report this problem to
Compiling alt_irq_handler.c...
the public mailing list cygwin@cygwin.com
      6 [main] mkdir 664 find_fast_cwd: WARNING: Couldn't compute FAST_CWD pointer.  Please report this problem to
the public mailing list cygwin@cygwin.com
nios2-elf-gcc -xc -MP -MMD -c  -I./HAL/inc -I. -I./drivers/inc -DSYSTEM_BUS_WIDTH=32 -pipe -D__hal__ -DALT_NO_INSTRUCTION_EMULATION -DALT_SINGLE_THREADED    -O0 -g -Wall  -EL -mno-hw-div -mno-hw-mul -mno-hw-mulx   -o obj/HAL/src/alt_irq_handler.o HAL/src/alt_irq_handler.c
      1 [main] echo 13296 find_fast_cwd: WARNING: Couldn't compute FAST_CWD pointer.  Please report this problem to
the public mailing list cygwin@cygwin.com
Compiling alt_irq_register.c...
      1 [main] mkdir 12812 find_fast_cwd: WARNING: Couldn't compute FAST_CWD pointer.  Please report this problem to
the public mailing list cygwin@cygwin.com
nios2-elf-gcc -xc -MP -MMD -c  -I./HAL/inc -I. -I./drivers/inc -DSYSTEM_BUS_WIDTH=32 -pipe -D__hal__ -DALT_NO_INSTRUCTION_EMULATION -DALT_SINGLE_THREADED    -O0 -g -Wall  -EL -mno-hw-div -mno-hw-mul -mno-hw-mulx   -o obj/HAL/src/alt_irq_register.o HAL/src/alt_irq_register.c
      5 [main] echo 14012 find_fast_cwd: WARNING: Couldn't compute FAST_CWD pointer.  Please report this problem to
the public mailing list cygwin@cygwin.com
Compiling alt_irq_vars.c...
      5 [main] mkdir 17004 find_fast_cwd: WARNING: Couldn't compute FAST_CWD pointer.  Please report this problem to
nios2-elf-gcc -xc -MP -MMD -c  -I./HAL/inc -I. -I./drivers/inc -DSYSTEM_BUS_WIDTH=32 -pipe -D__hal__ -DALT_NO_INSTRUCTION_EMULATION -DALT_SINGLE_THREADED    -O0 -g -Wall  -EL -mno-hw-div -mno-hw-mul -mno-hw-mulx   -o obj/HAL/src/alt_irq_vars.o HAL/src/alt_irq_vars.c
the public mailing list cygwin@cygwin.com
      1 [main] echo 22436 find_fast_cwd: WARNING: Couldn't compute FAST_CWD pointer.  Please report this problem to
the public mailing list cygwin@cygwin.com
Compiling alt_isatty.c...
      1 [main] mkdir 22048 find_fast_cwd: WARNING: Couldn't compute FAST_CWD pointer.  Please report this problem to
nios2-elf-gcc -xc -MP -MMD -c  -I./HAL/inc -I. -I./drivers/inc -DSYSTEM_BUS_WIDTH=32 -pipe -D__hal__ -DALT_NO_INSTRUCTION_EMULATION -DALT_SINGLE_THREADED    -O0 -g -Wall  -EL -mno-hw-div -mno-hw-mul -mno-hw-mulx   -o obj/HAL/src/alt_isatty.o HAL/src/alt_isatty.c
the public mailing list cygwin@cygwin.com
      1 [main] echo 20128 find_fast_cwd: WARNING: Couldn't compute FAST_CWD pointer.  Please report this problem to
the public mailing list cygwin@cygwin.com
Compiling alt_lseek.c...
      2 [main] mkdir 23848 find_fast_cwd: WARNING: Couldn't compute FAST_CWD pointer.  Please report this problem to
the public mailing list cygwin@cygwin.com
nios2-elf-gcc -xc -MP -MMD -c  -I./HAL/inc -I. -I./drivers/inc -DSYSTEM_BUS_WIDTH=32 -pipe -D__hal__ -DALT_NO_INSTRUCTION_EMULATION -DALT_SINGLE_THREADED    -O0 -g -Wall  -EL -mno-hw-div -mno-hw-mul -mno-hw-mulx   -o obj/HAL/src/alt_lseek.o HAL/src/alt_lseek.c
      1 [main] echo 19208 find_fast_cwd: WARNING: Couldn't compute FAST_CWD pointer.  Please report this problem to
the public mailing list cygwin@cygwin.com
Compiling alt_main.c...
      1 [main] mkdir 20784 find_fast_cwd: WARNING: Couldn't compute FAST_CWD pointer.  Please report this problem to
nios2-elf-gcc -xc -MP -MMD -c  -I./HAL/inc -I. -I./drivers/inc -DSYSTEM_BUS_WIDTH=32 -pipe -D__hal__ -DALT_NO_INSTRUCTION_EMULATION -DALT_SINGLE_THREADED    -O0 -g -Wall  -EL -mno-hw-div -mno-hw-mul -mno-hw-mulx   -o obj/HAL/src/alt_main.o HAL/src/alt_main.c
the public mailing list cygwin@cygwin.com
      1 [main] echo 11988 find_fast_cwd: WARNING: Couldn't compute FAST_CWD pointer.  Please report this problem to
the public mailing list cygwin@cygwin.com
Compiling alt_open.c...
      1 [main] mkdir 18240 find_fast_cwd: WARNING: Couldn't compute FAST_CWD pointer.  Please report this problem to
nios2-elf-gcc -xc -MP -MMD -c  -I./HAL/inc -I. -I./drivers/inc -DSYSTEM_BUS_WIDTH=32 -pipe -D__hal__ -DALT_NO_INSTRUCTION_EMULATION -DALT_SINGLE_THREADED    -O0 -g -Wall  -EL -mno-hw-div -mno-hw-mul -mno-hw-mulx   -o obj/HAL/src/alt_open.o HAL/src/alt_open.c
the public mailing list cygwin@cygwin.com
      1 [main] echo 18776 find_fast_cwd: WARNING: Couldn't compute FAST_CWD pointer.  Please report this problem to
the public mailing list cygwin@cygwin.com
Compiling alt_read.c...
      1 [main] mkdir 19748 find_fast_cwd: WARNING: Couldn't compute FAST_CWD pointer.  Please report this problem to
the public mailing list cygwin@cygwin.com
nios2-elf-gcc -xc -MP -MMD -c  -I./HAL/inc -I. -I./drivers/inc -DSYSTEM_BUS_WIDTH=32 -pipe -D__hal__ -DALT_NO_INSTRUCTION_EMULATION -DALT_SINGLE_THREADED    -O0 -g -Wall  -EL -mno-hw-div -mno-hw-mul -mno-hw-mulx   -o obj/HAL/src/alt_read.o HAL/src/alt_read.c
      1 [main] echo 18956 find_fast_cwd: WARNING: Couldn't compute FAST_CWD pointer.  Please report this problem to
the public mailing list cygwin@cygwin.com
Compiling alt_release_fd.c...
      1 [main] mkdir 10872 find_fast_cwd: WARNING: Couldn't compute FAST_CWD pointer.  Please report this problem to
the public mailing list cygwin@cygwin.com
nios2-elf-gcc -xc -MP -MMD -c  -I./HAL/inc -I. -I./drivers/inc -DSYSTEM_BUS_WIDTH=32 -pipe -D__hal__ -DALT_NO_INSTRUCTION_EMULATION -DALT_SINGLE_THREADED    -O0 -g -Wall  -EL -mno-hw-div -mno-hw-mul -mno-hw-mulx   -o obj/HAL/src/alt_release_fd.o HAL/src/alt_release_fd.c
      1 [main] echo 23820 find_fast_cwd: WARNING: Couldn't compute FAST_CWD pointer.  Please report this problem to
the public mailing list cygwin@cygwin.com
Compiling alt_remap_cached.c...
      1 [main] mkdir 11816 find_fast_cwd: WARNING: Couldn't compute FAST_CWD pointer.  Please report this problem to
the public mailing list cygwin@cygwin.com
nios2-elf-gcc -xc -MP -MMD -c  -I./HAL/inc -I. -I./drivers/inc -DSYSTEM_BUS_WIDTH=32 -pipe -D__hal__ -DALT_NO_INSTRUCTION_EMULATION -DALT_SINGLE_THREADED    -O0 -g -Wall  -EL -mno-hw-div -mno-hw-mul -mno-hw-mulx   -o obj/HAL/src/alt_remap_cached.o HAL/src/alt_remap_cached.c
      1 [main] echo 18084 find_fast_cwd: WARNING: Couldn't compute FAST_CWD pointer.  Please report this problem to
the public mailing list cygwin@cygwin.com
Compiling alt_remap_uncached.c...
      1 [main] mkdir 20176 find_fast_cwd: WARNING: Couldn't compute FAST_CWD pointer.  Please report this problem to
nios2-elf-gcc -xc -MP -MMD -c  -I./HAL/inc -I. -I./drivers/inc -DSYSTEM_BUS_WIDTH=32 -pipe -D__hal__ -DALT_NO_INSTRUCTION_EMULATION -DALT_SINGLE_THREADED    -O0 -g -Wall  -EL -mno-hw-div -mno-hw-mul -mno-hw-mulx   -o obj/HAL/src/alt_remap_uncached.o HAL/src/alt_remap_uncached.c
the public mailing list cygwin@cygwin.com
      1 [main] echo 6816 find_fast_cwd: WARNING: Couldn't compute FAST_CWD pointer.  Please report this problem to
the public mailing list cygwin@cygwin.com
Compiling alt_sbrk.c...
      1 [main] mkdir 7356 find_fast_cwd: WARNING: Couldn't compute FAST_CWD pointer.  Please report this problem to
the public mailing list cygwin@cygwin.com
nios2-elf-gcc -xc -MP -MMD -c  -I./HAL/inc -I. -I./drivers/inc -DSYSTEM_BUS_WIDTH=32 -pipe -D__hal__ -DALT_NO_INSTRUCTION_EMULATION -DALT_SINGLE_THREADED    -O0 -g -Wall  -EL -mno-hw-div -mno-hw-mul -mno-hw-mulx   -o obj/HAL/src/alt_sbrk.o HAL/src/alt_sbrk.c
      1 [main] echo 14908 find_fast_cwd: WARNING: Couldn't compute FAST_CWD pointer.  Please report this problem to
the public mailing list cygwin@cygwin.com
Compiling alt_software_exception.S...
      1 [main] mkdir 22440 find_fast_cwd: WARNING: Couldn't compute FAST_CWD pointer.  Please report this problem to
the public mailing list cygwin@cygwin.com
nios2-elf-gcc -MP -MMD -c   -O0 -g -Wall  -EL -mno-hw-div -mno-hw-mul -mno-hw-mulx    -I./HAL/inc -I. -I./drivers/inc -DSYSTEM_BUS_WIDTH=32 -pipe -D__hal__ -DALT_NO_INSTRUCTION_EMULATION -DALT_SINGLE_THREADED  -Wa,-gdwarf2  -o obj/HAL/src/alt_software_exception.o HAL/src/alt_software_exception.S
Compiling alt_tick.c...
      1 [main] echo 7544 find_fast_cwd: WARNING: Couldn't compute FAST_CWD pointer.  Please report this problem to
the public mailing list cygwin@cygwin.com
      1 [main] mkdir 21692 find_fast_cwd: WARNING: Couldn't compute FAST_CWD pointer.  Please report this problem to
nios2-elf-gcc -xc -MP -MMD -c  -I./HAL/inc -I. -I./drivers/inc -DSYSTEM_BUS_WIDTH=32 -pipe -D__hal__ -DALT_NO_INSTRUCTION_EMULATION -DALT_SINGLE_THREADED    -O0 -g -Wall  -EL -mno-hw-div -mno-hw-mul -mno-hw-mulx   -o obj/HAL/src/alt_tick.o HAL/src/alt_tick.c
the public mailing list cygwin@cygwin.com
      1 [main] echo 20864 find_fast_cwd: WARNING: Couldn't compute FAST_CWD pointer.  Please report this problem to
the public mailing list cygwin@cygwin.com
Compiling alt_uncached_free.c...
      1 [main] mkdir 14452 find_fast_cwd: WARNING: Couldn't compute FAST_CWD pointer.  Please report this problem to
the public mailing list cygwin@cygwin.com
nios2-elf-gcc -xc -MP -MMD -c  -I./HAL/inc -I. -I./drivers/inc -DSYSTEM_BUS_WIDTH=32 -pipe -D__hal__ -DALT_NO_INSTRUCTION_EMULATION -DALT_SINGLE_THREADED    -O0 -g -Wall  -EL -mno-hw-div -mno-hw-mul -mno-hw-mulx   -o obj/HAL/src/alt_uncached_free.o HAL/src/alt_uncached_free.c
      1 [main] echo 22016 find_fast_cwd: WARNING: Couldn't compute FAST_CWD pointer.  Please report this problem to
the public mailing list cygwin@cygwin.com
Compiling alt_uncached_malloc.c...
      1 [main] mkdir 24392 find_fast_cwd: WARNING: Couldn't compute FAST_CWD pointer.  Please report this problem to
the public mailing list cygwin@cygwin.com
nios2-elf-gcc -xc -MP -MMD -c  -I./HAL/inc -I. -I./drivers/inc -DSYSTEM_BUS_WIDTH=32 -pipe -D__hal__ -DALT_NO_INSTRUCTION_EMULATION -DALT_SINGLE_THREADED    -O0 -g -Wall  -EL -mno-hw-div -mno-hw-mul -mno-hw-mulx   -o obj/HAL/src/alt_uncached_malloc.o HAL/src/alt_uncached_malloc.c
      1 [main] echo 15756 find_fast_cwd: WARNING: Couldn't compute FAST_CWD pointer.  Please report this problem to
the public mailing list cygwin@cygwin.com
Compiling alt_write.c...
      2 [main] mkdir 23132 find_fast_cwd: WARNING: Couldn't compute FAST_CWD pointer.  Please report this problem to
the public mailing list cygwin@cygwin.com
nios2-elf-gcc -xc -MP -MMD -c  -I./HAL/inc -I. -I./drivers/inc -DSYSTEM_BUS_WIDTH=32 -pipe -D__hal__ -DALT_NO_INSTRUCTION_EMULATION -DALT_SINGLE_THREADED    -O0 -g -Wall  -EL -mno-hw-div -mno-hw-mul -mno-hw-mulx   -o obj/HAL/src/alt_write.o HAL/src/alt_write.c
      1 [main] echo 14168 find_fast_cwd: WARNING: Couldn't compute FAST_CWD pointer.  Please report this problem to
Compiling altera_nios2_qsys_irq.c...
the public mailing list cygwin@cygwin.com
      1 [main] mkdir 1760 find_fast_cwd: WARNING: Couldn't compute FAST_CWD pointer.  Please report this problem to
the public mailing list cygwin@cygwin.com
nios2-elf-gcc -xc -MP -MMD -c  -I./HAL/inc -I. -I./drivers/inc -DSYSTEM_BUS_WIDTH=32 -pipe -D__hal__ -DALT_NO_INSTRUCTION_EMULATION -DALT_SINGLE_THREADED    -O0 -g -Wall  -EL -mno-hw-div -mno-hw-mul -mno-hw-mulx   -o obj/HAL/src/altera_nios2_qsys_irq.o HAL/src/altera_nios2_qsys_irq.c
      1 [main] echo 21572 find_fast_cwd: WARNING: Couldn't compute FAST_CWD pointer.  Please report this problem to
Compiling crt0.S...
the public mailing list cygwin@cygwin.com
      2 [main] mkdir 1148 find_fast_cwd: WARNING: Couldn't compute FAST_CWD pointer.  Please report this problem to
the public mailing list cygwin@cygwin.com
nios2-elf-gcc -MP -MMD -c   -O0 -g -Wall  -EL -mno-hw-div -mno-hw-mul -mno-hw-mulx    -I./HAL/inc -I. -I./drivers/inc -DSYSTEM_BUS_WIDTH=32 -pipe -D__hal__ -DALT_NO_INSTRUCTION_EMULATION -DALT_SINGLE_THREADED  -Wa,-gdwarf2  -o obj/HAL/src/crt0.o HAL/src/crt0.S
      1 [main] echo 18720 find_fast_cwd: WARNING: Couldn't compute FAST_CWD pointer.  Please report this problem to
the public mailing list cygwin@cygwin.com
Compiling alt_sys_init.c...
      1 [main] mkdir 21288 find_fast_cwd: WARNING: Couldn't compute FAST_CWD pointer.  Please report this problem to
the public mailing list cygwin@cygwin.com
nios2-elf-gcc -xc -MP -MMD -c  -I./HAL/inc -I. -I./drivers/inc -DSYSTEM_BUS_WIDTH=32 -pipe -D__hal__ -DALT_NO_INSTRUCTION_EMULATION -DALT_SINGLE_THREADED    -O0 -g -Wall  -EL -mno-hw-div -mno-hw-mul -mno-hw-mulx   -o obj/alt_sys_init.o alt_sys_init.c
      1 [main] echo 24372 find_fast_cwd: WARNING: Couldn't compute FAST_CWD pointer.  Please report this problem to
Compiling altera_avalon_jtag_uart_fd.c...
the public mailing list cygwin@cygwin.com
      1 [main] mkdir 1744 find_fast_cwd: WARNING: Couldn't compute FAST_CWD pointer.  Please report this problem to
nios2-elf-gcc -xc -MP -MMD -c  -I./HAL/inc -I. -I./drivers/inc -DSYSTEM_BUS_WIDTH=32 -pipe -D__hal__ -DALT_NO_INSTRUCTION_EMULATION -DALT_SINGLE_THREADED    -O0 -g -Wall  -EL -mno-hw-div -mno-hw-mul -mno-hw-mulx   -o obj/drivers/src/altera_avalon_jtag_uart_fd.o drivers/src/altera_avalon_jtag_uart_fd.c
the public mailing list cygwin@cygwin.com
      1 [main] echo 14708 find_fast_cwd: WARNING: Couldn't compute FAST_CWD pointer.  Please report this problem to
Compiling altera_avalon_jtag_uart_init.c...
the public mailing list cygwin@cygwin.com
      1 [main] mkdir 15456 find_fast_cwd: WARNING: Couldn't compute FAST_CWD pointer.  Please report this problem to
the public mailing list cygwin@cygwin.com
nios2-elf-gcc -xc -MP -MMD -c  -I./HAL/inc -I. -I./drivers/inc -DSYSTEM_BUS_WIDTH=32 -pipe -D__hal__ -DALT_NO_INSTRUCTION_EMULATION -DALT_SINGLE_THREADED    -O0 -g -Wall  -EL -mno-hw-div -mno-hw-mul -mno-hw-mulx   -o obj/drivers/src/altera_avalon_jtag_uart_init.o drivers/src/altera_avalon_jtag_uart_init.c
      1 [main] echo 9064 find_fast_cwd: WARNING: Couldn't compute FAST_CWD pointer.  Please report this problem to
Compiling altera_avalon_jtag_uart_ioctl.c...
the public mailing list cygwin@cygwin.com
      1 [main] mkdir 23344 find_fast_cwd: WARNING: Couldn't compute FAST_CWD pointer.  Please report this problem to
nios2-elf-gcc -xc -MP -MMD -c  -I./HAL/inc -I. -I./drivers/inc -DSYSTEM_BUS_WIDTH=32 -pipe -D__hal__ -DALT_NO_INSTRUCTION_EMULATION -DALT_SINGLE_THREADED    -O0 -g -Wall  -EL -mno-hw-div -mno-hw-mul -mno-hw-mulx   -o obj/drivers/src/altera_avalon_jtag_uart_ioctl.o drivers/src/altera_avalon_jtag_uart_ioctl.c
the public mailing list cygwin@cygwin.com
      1 [main] echo 16660 find_fast_cwd: WARNING: Couldn't compute FAST_CWD pointer.  Please report this problem to
Compiling altera_avalon_jtag_uart_read.c...
the public mailing list cygwin@cygwin.com
      1 [main] mkdir 2488 find_fast_cwd: WARNING: Couldn't compute FAST_CWD pointer.  Please report this problem to
the public mailing list cygwin@cygwin.com
nios2-elf-gcc -xc -MP -MMD -c  -I./HAL/inc -I. -I./drivers/inc -DSYSTEM_BUS_WIDTH=32 -pipe -D__hal__ -DALT_NO_INSTRUCTION_EMULATION -DALT_SINGLE_THREADED    -O0 -g -Wall  -EL -mno-hw-div -mno-hw-mul -mno-hw-mulx   -o obj/drivers/src/altera_avalon_jtag_uart_read.o drivers/src/altera_avalon_jtag_uart_read.c
      1 [main] echo 23504 find_fast_cwd: WARNING: Couldn't compute FAST_CWD pointer.  Please report this problem to
Compiling altera_avalon_jtag_uart_write.c...
the public mailing list cygwin@cygwin.com
      1 [main] mkdir 21816 find_fast_cwd: WARNING: Couldn't compute FAST_CWD pointer.  Please report this problem to
nios2-elf-gcc -xc -MP -MMD -c  -I./HAL/inc -I. -I./drivers/inc -DSYSTEM_BUS_WIDTH=32 -pipe -D__hal__ -DALT_NO_INSTRUCTION_EMULATION -DALT_SINGLE_THREADED    -O0 -g -Wall  -EL -mno-hw-div -mno-hw-mul -mno-hw-mulx   -o obj/drivers/src/altera_avalon_jtag_uart_write.o drivers/src/altera_avalon_jtag_uart_write.c
the public mailing list cygwin@cygwin.com
      1 [main] echo 20624 find_fast_cwd: WARNING: Couldn't compute FAST_CWD pointer.  Please report this problem to
Compiling altera_avalon_sysid_qsys.c...
the public mailing list cygwin@cygwin.com
      1 [main] mkdir 7336 find_fast_cwd: WARNING: Couldn't compute FAST_CWD pointer.  Please report this problem to
nios2-elf-gcc -xc -MP -MMD -c  -I./HAL/inc -I. -I./drivers/inc -DSYSTEM_BUS_WIDTH=32 -pipe -D__hal__ -DALT_NO_INSTRUCTION_EMULATION -DALT_SINGLE_THREADED    -O0 -g -Wall  -EL -mno-hw-div -mno-hw-mul -mno-hw-mulx   -o obj/drivers/src/altera_avalon_sysid_qsys.o drivers/src/altera_avalon_sysid_qsys.c
the public mailing list cygwin@cygwin.com
      1 [main] echo 21624 find_fast_cwd: WARNING: Couldn't compute FAST_CWD pointer.  Please report this problem to
the public mailing list cygwin@cygwin.com
Compiling altera_avalon_timer_sc.c...
      1 [main] mkdir 3356 find_fast_cwd: WARNING: Couldn't compute FAST_CWD pointer.  Please report this problem to
nios2-elf-gcc -xc -MP -MMD -c  -I./HAL/inc -I. -I./drivers/inc -DSYSTEM_BUS_WIDTH=32 -pipe -D__hal__ -DALT_NO_INSTRUCTION_EMULATION -DALT_SINGLE_THREADED    -O0 -g -Wall  -EL -mno-hw-div -mno-hw-mul -mno-hw-mulx   -o obj/drivers/src/altera_avalon_timer_sc.o drivers/src/altera_avalon_timer_sc.c
the public mailing list cygwin@cygwin.com
      1 [main] echo 16964 find_fast_cwd: WARNING: Couldn't compute FAST_CWD pointer.  Please report this problem to
Compiling altera_avalon_timer_ts.c...
the public mailing list cygwin@cygwin.com
      1 [main] mkdir 12836 find_fast_cwd: WARNING: Couldn't compute FAST_CWD pointer.  Please report this problem to
the public mailing list cygwin@cygwin.com
nios2-elf-gcc -xc -MP -MMD -c  -I./HAL/inc -I. -I./drivers/inc -DSYSTEM_BUS_WIDTH=32 -pipe -D__hal__ -DALT_NO_INSTRUCTION_EMULATION -DALT_SINGLE_THREADED    -O0 -g -Wall  -EL -mno-hw-div -mno-hw-mul -mno-hw-mulx   -o obj/drivers/src/altera_avalon_timer_ts.o drivers/src/altera_avalon_timer_ts.c
drivers/src/altera_avalon_timer_ts.c: In function 'alt_timestamp':
drivers/src/altera_avalon_timer_ts.c:108: warning: large integer implicitly truncated to unsigned type
drivers/src/altera_avalon_timer_ts.c:122: warning: left shift count >= width of type
drivers/src/altera_avalon_timer_ts.c:122: warning: left shift count >= width of type
      1 [main] echo 12204 find_fast_cwd: WARNING: Couldn't compute FAST_CWD pointer.  Please report this problem to
the public mailing list cygwin@cygwin.com
Compiling altera_avalon_timer_vars.c...
      1 [main] mkdir 14604 find_fast_cwd: WARNING: Couldn't compute FAST_CWD pointer.  Please report this problem to
nios2-elf-gcc -xc -MP -MMD -c  -I./HAL/inc -I. -I./drivers/inc -DSYSTEM_BUS_WIDTH=32 -pipe -D__hal__ -DALT_NO_INSTRUCTION_EMULATION -DALT_SINGLE_THREADED    -O0 -g -Wall  -EL -mno-hw-div -mno-hw-mul -mno-hw-mulx   -o obj/drivers/src/altera_avalon_timer_vars.o drivers/src/altera_avalon_timer_vars.c
the public mailing list cygwin@cygwin.com
      1 [main] echo 14440 find_fast_cwd: WARNING: Couldn't compute FAST_CWD pointer.  Please report this problem to
the public mailing list cygwin@cygwin.com
Compiling altera_hostfs.c...
      1 [main] mkdir 5288 find_fast_cwd: WARNING: Couldn't compute FAST_CWD pointer.  Please report this problem to
nios2-elf-gcc -xc -MP -MMD -c  -I./HAL/inc -I. -I./drivers/inc -DSYSTEM_BUS_WIDTH=32 -pipe -D__hal__ -DALT_NO_INSTRUCTION_EMULATION -DALT_SINGLE_THREADED    -O0 -g -Wall  -EL -mno-hw-div -mno-hw-mul -mno-hw-mulx   -o obj/drivers/src/altera_hostfs.o drivers/src/altera_hostfs.c
the public mailing list cygwin@cygwin.com
      1 [main] echo 3500 find_fast_cwd: WARNING: Couldn't compute FAST_CWD pointer.  Please report this problem to
Creating libhal_bsp.a...
the public mailing list cygwin@cygwin.com
rm -f -f libhal_bsp.a
      1 [main] rm 23452 find_fast_cwd: WARNING: Couldn't compute FAST_CWD pointer.  Please report this problem to
nios2-elf-ar -src libhal_bsp.a obj/HAL/src/alt_alarm_start.o obj/HAL/src/alt_busy_sleep.o obj/HAL/src/alt_close.o obj/HAL/src/alt_dcache_flush.o obj/HAL/src/alt_dcache_flush_all.o obj/HAL/src/alt_dcache_flush_no_writeback.o obj/HAL/src/alt_dev.o obj/HAL/src/alt_dev_llist_insert.o obj/HAL/src/alt_dma_rxchan_open.o obj/HAL/src/alt_dma_txchan_open.o obj/HAL/src/alt_do_ctors.o obj/HAL/src/alt_do_dtors.o obj/HAL/src/alt_env_lock.o obj/HAL/src/alt_environ.o obj/HAL/src/alt_errno.o obj/HAL/src/alt_exception_entry.o obj/HAL/src/alt_exception_muldiv.o obj/HAL/src/alt_exception_trap.o obj/HAL/src/alt_execve.o obj/HAL/src/alt_exit.o obj/HAL/src/alt_fcntl.o obj/HAL/src/alt_fd_lock.o obj/HAL/src/alt_fd_unlock.o obj/HAL/src/alt_find_dev.o obj/HAL/src/alt_find_file.o obj/HAL/src/alt_flash_dev.o obj/HAL/src/alt_fork.o obj/HAL/src/alt_fs_reg.o obj/HAL/src/alt_fstat.o obj/HAL/src/alt_get_fd.o obj/HAL/src/alt_getchar.o obj/HAL/src/alt_getpid.o obj/HAL/src/alt_gettod.o obj/HAL/src/alt_gmon.o obj/HAL/src/alt_icache_flush.o obj/HAL/src/alt_icache_flush_all.o obj/HAL/src/alt_iic.o obj/HAL/src/alt_iic_isr_register.o obj/HAL/src/alt_instruction_exception_entry.o obj/HAL/src/alt_instruction_exception_register.o obj/HAL/src/alt_io_redirect.o obj/HAL/src/alt_ioctl.o obj/HAL/src/alt_irq_entry.o obj/HAL/src/alt_irq_handler.o obj/HAL/src/alt_irq_register.o obj/HAL/src/alt_irq_vars.o obj/HAL/src/alt_isatty.o obj/HAL/src/alt_kill.o obj/HAL/src/alt_link.o obj/HAL/src/alt_load.o obj/HAL/src/alt_log_macro.o obj/HAL/src/alt_log_printf.o obj/HAL/src/alt_lseek.o obj/HAL/src/alt_main.o obj/HAL/src/alt_malloc_lock.o obj/HAL/src/alt_mcount.o obj/HAL/src/alt_open.o obj/HAL/src/alt_printf.o obj/HAL/src/alt_putchar.o obj/HAL/src/alt_putstr.o obj/HAL/src/alt_read.o obj/HAL/src/alt_release_fd.o obj/HAL/src/alt_remap_cached.o obj/HAL/src/alt_remap_uncached.o obj/HAL/src/alt_rename.o obj/HAL/src/alt_sbrk.o obj/HAL/src/alt_settod.o obj/HAL/src/alt_software_exception.o obj/HAL/src/alt_stat.o obj/HAL/src/alt_tick.o obj/HAL/src/alt_times.o obj/HAL/src/alt_uncached_free.o obj/HAL/src/alt_uncached_malloc.o obj/HAL/src/alt_unlink.o obj/HAL/src/alt_usleep.o obj/HAL/src/alt_wait.o obj/HAL/src/alt_write.o obj/HAL/src/altera_nios2_qsys_irq.o obj/HAL/src/crt0.o obj/alt_sys_init.o obj/drivers/src/altera_avalon_jtag_uart_fd.o obj/drivers/src/altera_avalon_jtag_uart_init.o obj/drivers/src/altera_avalon_jtag_uart_ioctl.o obj/drivers/src/altera_avalon_jtag_uart_read.o obj/drivers/src/altera_avalon_jtag_uart_write.o obj/drivers/src/altera_avalon_sysid_qsys.o obj/drivers/src/altera_avalon_timer_sc.o obj/drivers/src/altera_avalon_timer_ts.o obj/drivers/src/altera_avalon_timer_vars.o obj/drivers/src/altera_hostfs.o
the public mailing list cygwin@cygwin.com
      1 [main] sh 13244 find_fast_cwd: WARNING: Couldn't compute FAST_CWD pointer.  Please report this problem to
the public mailing list cygwin@cygwin.com
[BSP build complete]
      1 [main] true 20076 find_fast_cwd: WARNING: Couldn't compute FAST_CWD pointer.  Please report this problem to
the public mailing list cygwin@cygwin.com
      1 [main] echo 1400 find_fast_cwd: WARNING: Couldn't compute FAST_CWD pointer.  Please report this problem to
the public mailing list cygwin@cygwin.com
Info: Linking JPEG_Encoder.elf
nios2-elf-g++  -T'../JPEG_Encoder_bsp//linker.x' -msys-crt0='../JPEG_Encoder_bsp//obj/HAL/src/crt0.o' -msys-lib=hal_bsp -L../JPEG_Encoder_bsp/   -Wl,-Map=JPEG_Encoder.map   -O0 -g -Wall   -EL -mno-hw-div -mno-hw-mul -mno-hw-mulx  -o JPEG_Encoder.elf obj/default/application/bmp_extract.o obj/default/application/jpeg_encoding.o obj/default/application/jpegclib/cdjpeg.o obj/default/application/jpegclib/jaricom.o obj/default/application/jpegclib/jcapimin.o obj/default/application/jpegclib/jcapistd.o obj/default/application/jpegclib/jcarith.o obj/default/application/jpegclib/jccoefct.o obj/default/application/jpegclib/jccolor.o obj/default/application/jpegclib/jcdctmgr.o obj/default/application/jpegclib/jchuff.o obj/default/application/jpegclib/jcinit.o obj/default/application/jpegclib/jcmainct.o obj/default/application/jpegclib/jcmarker.o obj/default/application/jpegclib/jcmaster.o obj/default/application/jpegclib/jcomapi.o obj/default/application/jpegclib/jcparam.o obj/default/application/jpegclib/jcprepct.o obj/default/application/jpegclib/jcsample.o obj/default/application/jpegclib/jctrans.o obj/default/application/jpegclib/jdatadst.o obj/default/application/jpegclib/jerror.o obj/default/application/jpegclib/jfdctflt.o obj/default/application/jpegclib/jfdctfst.o obj/default/application/jpegclib/jfdctint.o obj/default/application/jpegclib/jidctflt.o obj/default/application/jpegclib/jidctfst.o obj/default/application/jpegclib/jidctint.o obj/default/application/jpegclib/jmemansi.o obj/default/application/jpegclib/jmemmgr.o obj/default/application/jpegclib/jquant1.o obj/default/application/jpegclib/jquant2.o obj/default/application/jpegclib/jutils.o obj/default/jpeg_encoder.o -lm 
c:/altera/12.1/nios2eds/bin/gnu/h-i686-mingw32/bin/../lib/gcc/nios2-elf/4.1.2/../../../../nios2-elf/lib/mno-hw-mul\libc.a(lib_a-unlinkr.o): In function `_unlink_r':
nios2-elf-insert JPEG_Encoder.elf --thread_model hal --cpu_name cpu --qsys true --simulation_enabled false --id 0 --sidp 0x9000020 --timestamp 1667722989 --stderr_dev jtag_uart --stdin_dev jtag_uart --stdout_dev jtag_uart --sopc_system_name SoC --quartus_project_dir "E:/aca/com/8_sem/CO503/Lab1/part2" --jdi E:/aca/com/8_sem/CO503/Lab1/part2/TopLevel.jdi --sopcinfo E:/aca/com/8_sem/CO503/Lab1/part2/SoC.sopcinfo
/build/swbuild/SJ/nightly/12.1/177/l32/work/ip/sopc/app/gnu/BUILD/gnu/build-0-newlib.nios2-elf.i686-mingw32/nios2-elf/mno-hw-mul/newlib/libc/reent/../../../../../../src/newlib-1.16/newlib/libc/reent/unlinkr.c:54: warning: warning: unlink is not implemented and will always fail
      1 [main] sh 18912 find_fast_cwd: WARNING: Couldn't compute FAST_CWD pointer.  Please report this problem to
the public mailing list cygwin@cygwin.com
      1 [main] uname 12012 find_fast_cwd: WARNING: Couldn't compute FAST_CWD pointer.  Please report this problem to
the public mailing list cygwin@cygwin.com
      2 [main] sh 22380 find_fast_cwd: WARNING: Couldn't compute FAST_CWD pointer.  Please report this problem to
the public mailing list cygwin@cygwin.com
Info: (JPEG_Encoder.elf) 65810 KBytes program size (code + initialized data).
Info:                    65255 KBytes free for stack + heap.
      1 [main] echo 16080 find_fast_cwd: WARNING: Couldn't compute FAST_CWD pointer.  Please report this problem to
the public mailing list cygwin@cygwin.com
Info: Creating JPEG_Encoder.objdump
nios2-elf-objdump --disassemble --syms --all-header --source JPEG_Encoder.elf >JPEG_Encoder.objdump
      1 [main] sh 17912 find_fast_cwd: WARNING: Couldn't compute FAST_CWD pointer.  Please report this problem to
the public mailing list cygwin@cygwin.com
      1 [main] sh 22556 find_fast_cwd: WARNING: Couldn't compute FAST_CWD pointer.  Please report this problem to
the public mailing list cygwin@cygwin.com
[JPEG_Encoder build complete]

**** Build Finished ****

**** Build of configuration Nios II for project JPEG_Encoder ****

make all 
      1 [main] sh 23856 find_fast_cwd: WARNING: Couldn't compute FAST_CWD pointer.  Please report this problem to
the public mailing list cygwin@cygwin.com
      1 [main] sh 11728 find_fast_cwd: WARNING: Couldn't compute FAST_CWD pointer.  Please report this problem to
the public mailing list cygwin@cygwin.com
      1 [main] echo 24100 find_fast_cwd: WARNING: Couldn't compute FAST_CWD pointer.  Please report this problem to
the public mailing list cygwin@cygwin.com
Info: Building ../JPEG_Encoder_bsp/
make --no-print-directory -C ../JPEG_Encoder_bsp/
      1 [main] pwd 24440 find_fast_cwd: WARNING: Couldn't compute FAST_CWD pointer.  Please report this problem to
the public mailing list cygwin@cygwin.com
      1 [main] sh 19096 find_fast_cwd: WARNING: Couldn't compute FAST_CWD pointer.  Please report this problem to
the public mailing list cygwin@cygwin.com
      1 [main] sh 3592 find_fast_cwd: WARNING: Couldn't compute FAST_CWD pointer.  Please report this problem to
the public mailing list cygwin@cygwin.com
[BSP build complete]
      1 [main] true 19904 find_fast_cwd: WARNING: Couldn't compute FAST_CWD pointer.  Please report this problem to
the public mailing list cygwin@cygwin.com
      1 [main] sh 19548 find_fast_cwd: WARNING: Couldn't compute FAST_CWD pointer.  Please report this problem to
the public mailing list cygwin@cygwin.com
[JPEG_Encoder build complete]

**** Build Finished ****

**** Build of configuration Nios II for project JPEG_Encoder ****

make all 
      1 [main] sh 13244 find_fast_cwd: WARNING: Couldn't compute FAST_CWD pointer.  Please report this problem to
the public mailing list cygwin@cygwin.com
      1 [main] sh 15252 find_fast_cwd: WARNING: Couldn't compute FAST_CWD pointer.  Please report this problem to
the public mailing list cygwin@cygwin.com
      1 [main] echo 20872 find_fast_cwd: WARNING: Couldn't compute FAST_CWD pointer.  Please report this problem to
the public mailing list cygwin@cygwin.com
Info: Building ../JPEG_Encoder_bsp/
make --no-print-directory -C ../JPEG_Encoder_bsp/
      1 [main] pwd 12556 find_fast_cwd: WARNING: Couldn't compute FAST_CWD pointer.  Please report this problem to
the public mailing list cygwin@cygwin.com
      1 [main] sh 2472 find_fast_cwd: WARNING: Couldn't compute FAST_CWD pointer.  Please report this problem to
the public mailing list cygwin@cygwin.com
      1 [main] sh 9560 find_fast_cwd: WARNING: Couldn't compute FAST_CWD pointer.  Please report this problem to
the public mailing list cygwin@cygwin.com
[BSP build complete]
      1 [main] true 1948 find_fast_cwd: WARNING: Couldn't compute FAST_CWD pointer.  Please report this problem to
the public mailing list cygwin@cygwin.com
      1 [main] sh 19956 find_fast_cwd: WARNING: Couldn't compute FAST_CWD pointer.  Please report this problem to
the public mailing list cygwin@cygwin.com
[JPEG_Encoder build complete]

**** Build Finished ****

**** Build of configuration Nios II for project JPEG_Encoder ****

make all 
      1 [main] sh 10652 find_fast_cwd: WARNING: Couldn't compute FAST_CWD pointer.  Please report this problem to
the public mailing list cygwin@cygwin.com
      1 [main] sh 10512 find_fast_cwd: WARNING: Couldn't compute FAST_CWD pointer.  Please report this problem to
the public mailing list cygwin@cygwin.com
      1 [main] echo 16748 find_fast_cwd: WARNING: Couldn't compute FAST_CWD pointer.  Please report this problem to
the public mailing list cygwin@cygwin.com
Info: Building ../JPEG_Encoder_bsp/
make --no-print-directory -C ../JPEG_Encoder_bsp/
      1 [main] pwd 14248 find_fast_cwd: WARNING: Couldn't compute FAST_CWD pointer.  Please report this problem to
the public mailing list cygwin@cygwin.com
      1 [main] sh 20868 find_fast_cwd: WARNING: Couldn't compute FAST_CWD pointer.  Please report this problem to
the public mailing list cygwin@cygwin.com
      1 [main] sh 10124 find_fast_cwd: WARNING: Couldn't compute FAST_CWD pointer.  Please report this problem to
the public mailing list cygwin@cygwin.com
[BSP build complete]
      1 [main] true 14712 find_fast_cwd: WARNING: Couldn't compute FAST_CWD pointer.  Please report this problem to
the public mailing list cygwin@cygwin.com
      1 [main] sh 23940 find_fast_cwd: WARNING: Couldn't compute FAST_CWD pointer.  Please report this problem to
the public mailing list cygwin@cygwin.com
[JPEG_Encoder build complete]

**** Build Finished ****

**** Build of configuration Nios II for project JPEG_Encoder ****

make all 
      1 [main] sh 22228 find_fast_cwd: WARNING: Couldn't compute FAST_CWD pointer.  Please report this problem to
the public mailing list cygwin@cygwin.com
      1 [main] sh 24476 find_fast_cwd: WARNING: Couldn't compute FAST_CWD pointer.  Please report this problem to
the public mailing list cygwin@cygwin.com
      1 [main] echo 19096 find_fast_cwd: WARNING: Couldn't compute FAST_CWD pointer.  Please report this problem to
the public mailing list cygwin@cygwin.com
Info: Building ../JPEG_Encoder_bsp/
make --no-print-directory -C ../JPEG_Encoder_bsp/
      1 [main] pwd 12452 find_fast_cwd: WARNING: Couldn't compute FAST_CWD pointer.  Please report this problem to
the public mailing list cygwin@cygwin.com
      1 [main] sh 1244 find_fast_cwd: WARNING: Couldn't compute FAST_CWD pointer.  Please report this problem to
the public mailing list cygwin@cygwin.com
      1 [main] sh 16152 find_fast_cwd: WARNING: Couldn't compute FAST_CWD pointer.  Please report this problem to
the public mailing list cygwin@cygwin.com
[BSP build complete]
      1 [main] echo 16068 find_fast_cwd: WARNING: Couldn't compute FAST_CWD pointer.  Please report this problem to
the public mailing list cygwin@cygwin.com
Info: Compiling jpeg_encoder.c to obj/default/jpeg_encoder.o
      1 [main] mkdir 17800 find_fast_cwd: WARNING: Couldn't compute FAST_CWD pointer.  Please report this problem to
the public mailing list cygwin@cygwin.com
nios2-elf-gcc -xc -MP -MMD -c -I../JPEG_Encoder_bsp//HAL/inc -I../JPEG_Encoder_bsp/ -I../JPEG_Encoder_bsp//drivers/inc  -DSYSTEM_BUS_WIDTH=32 -pipe -D__hal__ -DALT_NO_INSTRUCTION_EMULATION -DALT_SINGLE_THREADED    -O0 -g -Wall   -EL -mno-hw-div -mno-hw-mul -mno-hw-mulx  -o obj/default/jpeg_encoder.o jpeg_encoder.c
      1 [main] true 23180 find_fast_cwd: WARNING: Couldn't compute FAST_CWD pointer.  Please report this problem to
the public mailing list cygwin@cygwin.com
      1 [main] echo 19416 find_fast_cwd: WARNING: Couldn't compute FAST_CWD pointer.  Please report this problem to
Info: Linking JPEG_Encoder.elf
the public mailing list cygwin@cygwin.com
nios2-elf-g++  -T'../JPEG_Encoder_bsp//linker.x' -msys-crt0='../JPEG_Encoder_bsp//obj/HAL/src/crt0.o' -msys-lib=hal_bsp -L../JPEG_Encoder_bsp/   -Wl,-Map=JPEG_Encoder.map   -O0 -g -Wall   -EL -mno-hw-div -mno-hw-mul -mno-hw-mulx  -o JPEG_Encoder.elf obj/default/application/bmp_extract.o obj/default/application/jpeg_encoding.o obj/default/application/jpegclib/cdjpeg.o obj/default/application/jpegclib/jaricom.o obj/default/application/jpegclib/jcapimin.o obj/default/application/jpegclib/jcapistd.o obj/default/application/jpegclib/jcarith.o obj/default/application/jpegclib/jccoefct.o obj/default/application/jpegclib/jccolor.o obj/default/application/jpegclib/jcdctmgr.o obj/default/application/jpegclib/jchuff.o obj/default/application/jpegclib/jcinit.o obj/default/application/jpegclib/jcmainct.o obj/default/application/jpegclib/jcmarker.o obj/default/application/jpegclib/jcmaster.o obj/default/application/jpegclib/jcomapi.o obj/default/application/jpegclib/jcparam.o obj/default/application/jpegclib/jcprepct.o obj/default/application/jpegclib/jcsample.o obj/default/application/jpegclib/jctrans.o obj/default/application/jpegclib/jdatadst.o obj/default/application/jpegclib/jerror.o obj/default/application/jpegclib/jfdctflt.o obj/default/application/jpegclib/jfdctfst.o obj/default/application/jpegclib/jfdctint.o obj/default/application/jpegclib/jidctflt.o obj/default/application/jpegclib/jidctfst.o obj/default/application/jpegclib/jidctint.o obj/default/application/jpegclib/jmemansi.o obj/default/application/jpegclib/jmemmgr.o obj/default/application/jpegclib/jquant1.o obj/default/application/jpegclib/jquant2.o obj/default/application/jpegclib/jutils.o obj/default/jpeg_encoder.o -lm 
c:/altera/12.1/nios2eds/bin/gnu/h-i686-mingw32/bin/../lib/gcc/nios2-elf/4.1.2/../../../../nios2-elf/lib/mno-hw-mul\libc.a(lib_a-unlinkr.o): In function `_unlink_r':
nios2-elf-insert JPEG_Encoder.elf --thread_model hal --cpu_name cpu --qsys true --simulation_enabled false --id 0 --sidp 0x9000020 --timestamp 1667722989 --stderr_dev jtag_uart --stdin_dev jtag_uart --stdout_dev jtag_uart --sopc_system_name SoC --quartus_project_dir "E:/aca/com/8_sem/CO503/Lab1/part2" --jdi E:/aca/com/8_sem/CO503/Lab1/part2/TopLevel.jdi --sopcinfo E:/aca/com/8_sem/CO503/Lab1/part2/SoC.sopcinfo
/build/swbuild/SJ/nightly/12.1/177/l32/work/ip/sopc/app/gnu/BUILD/gnu/build-0-newlib.nios2-elf.i686-mingw32/nios2-elf/mno-hw-mul/newlib/libc/reent/../../../../../../src/newlib-1.16/newlib/libc/reent/unlinkr.c:54: warning: warning: unlink is not implemented and will always fail
      1 [main] sh 9536 find_fast_cwd: WARNING: Couldn't compute FAST_CWD pointer.  Please report this problem to
the public mailing list cygwin@cygwin.com
      1 [main] uname 22944 find_fast_cwd: WARNING: Couldn't compute FAST_CWD pointer.  Please report this problem to
the public mailing list cygwin@cygwin.com
      1 [main] sh 21332 find_fast_cwd: WARNING: Couldn't compute FAST_CWD pointer.  Please report this problem to
the public mailing list cygwin@cygwin.com
Info: (JPEG_Encoder.elf) 65810 KBytes program size (code + initialized data).
Info:                    65255 KBytes free for stack + heap.
      1 [main] echo 19208 find_fast_cwd: WARNING: Couldn't compute FAST_CWD pointer.  Please report this problem to
the public mailing list cygwin@cygwin.com
Info: Creating JPEG_Encoder.objdump
nios2-elf-objdump --disassemble --syms --all-header --source JPEG_Encoder.elf >JPEG_Encoder.objdump
      1 [main] sh 16720 find_fast_cwd: WARNING: Couldn't compute FAST_CWD pointer.  Please report this problem to
the public mailing list cygwin@cygwin.com
      1 [main] sh 21788 find_fast_cwd: WARNING: Couldn't compute FAST_CWD pointer.  Please report this problem to
the public mailing list cygwin@cygwin.com
[JPEG_Encoder build complete]

**** Build Finished ****

**** Build of configuration Nios II for project JPEG_Encoder ****

make all 
      1 [main] sh 15572 find_fast_cwd: WARNING: Couldn't compute FAST_CWD pointer.  Please report this problem to
the public mailing list cygwin@cygwin.com
      1 [main] sh 23372 find_fast_cwd: WARNING: Couldn't compute FAST_CWD pointer.  Please report this problem to
the public mailing list cygwin@cygwin.com
      1 [main] echo 20200 find_fast_cwd: WARNING: Couldn't compute FAST_CWD pointer.  Please report this problem to
the public mailing list cygwin@cygwin.com
Info: Building ../JPEG_Encoder_bsp/
make --no-print-directory -C ../JPEG_Encoder_bsp/
      1 [main] pwd 14792 find_fast_cwd: WARNING: Couldn't compute FAST_CWD pointer.  Please report this problem to
the public mailing list cygwin@cygwin.com
      1 [main] sh 21308 find_fast_cwd: WARNING: Couldn't compute FAST_CWD pointer.  Please report this problem to
the public mailing list cygwin@cygwin.com
      1 [main] sh 6592 find_fast_cwd: WARNING: Couldn't compute FAST_CWD pointer.  Please report this problem to
the public mailing list cygwin@cygwin.com
[BSP build complete]
      1 [main] echo 13896 find_fast_cwd: WARNING: Couldn't compute FAST_CWD pointer.  Please report this problem to
Info: Compiling jpeg_encoder.c to obj/default/jpeg_encoder.o
the public mailing list cygwin@cygwin.com
      1 [main] mkdir 11404 find_fast_cwd: WARNING: Couldn't compute FAST_CWD pointer.  Please report this problem to
the public mailing list cygwin@cygwin.com
nios2-elf-gcc -xc -MP -MMD -c -I../JPEG_Encoder_bsp//HAL/inc -I../JPEG_Encoder_bsp/ -I../JPEG_Encoder_bsp//drivers/inc  -DSYSTEM_BUS_WIDTH=32 -pipe -D__hal__ -DALT_NO_INSTRUCTION_EMULATION -DALT_SINGLE_THREADED    -O0 -g -Wall   -EL -mno-hw-div -mno-hw-mul -mno-hw-mulx  -o obj/default/jpeg_encoder.o jpeg_encoder.c
      1 [main] true 6784 find_fast_cwd: WARNING: Couldn't compute FAST_CWD pointer.  Please report this problem to
the public mailing list cygwin@cygwin.com
      1 [main] echo 23456 find_fast_cwd: WARNING: Couldn't compute FAST_CWD pointer.  Please report this problem to
the public mailing list cygwin@cygwin.com
Info: Linking JPEG_Encoder.elf
nios2-elf-g++  -T'../JPEG_Encoder_bsp//linker.x' -msys-crt0='../JPEG_Encoder_bsp//obj/HAL/src/crt0.o' -msys-lib=hal_bsp -L../JPEG_Encoder_bsp/   -Wl,-Map=JPEG_Encoder.map   -O0 -g -Wall   -EL -mno-hw-div -mno-hw-mul -mno-hw-mulx  -o JPEG_Encoder.elf obj/default/application/bmp_extract.o obj/default/application/jpeg_encoding.o obj/default/application/jpegclib/cdjpeg.o obj/default/application/jpegclib/jaricom.o obj/default/application/jpegclib/jcapimin.o obj/default/application/jpegclib/jcapistd.o obj/default/application/jpegclib/jcarith.o obj/default/application/jpegclib/jccoefct.o obj/default/application/jpegclib/jccolor.o obj/default/application/jpegclib/jcdctmgr.o obj/default/application/jpegclib/jchuff.o obj/default/application/jpegclib/jcinit.o obj/default/application/jpegclib/jcmainct.o obj/default/application/jpegclib/jcmarker.o obj/default/application/jpegclib/jcmaster.o obj/default/application/jpegclib/jcomapi.o obj/default/application/jpegclib/jcparam.o obj/default/application/jpegclib/jcprepct.o obj/default/application/jpegclib/jcsample.o obj/default/application/jpegclib/jctrans.o obj/default/application/jpegclib/jdatadst.o obj/default/application/jpegclib/jerror.o obj/default/application/jpegclib/jfdctflt.o obj/default/application/jpegclib/jfdctfst.o obj/default/application/jpegclib/jfdctint.o obj/default/application/jpegclib/jidctflt.o obj/default/application/jpegclib/jidctfst.o obj/default/application/jpegclib/jidctint.o obj/default/application/jpegclib/jmemansi.o obj/default/application/jpegclib/jmemmgr.o obj/default/application/jpegclib/jquant1.o obj/default/application/jpegclib/jquant2.o obj/default/application/jpegclib/jutils.o obj/default/jpeg_encoder.o -lm 
c:/altera/12.1/nios2eds/bin/gnu/h-i686-mingw32/bin/../lib/gcc/nios2-elf/4.1.2/../../../../nios2-elf/lib/mno-hw-mul\libc.a(lib_a-unlinkr.o): In function `_unlink_r':
nios2-elf-insert JPEG_Encoder.elf --thread_model hal --cpu_name cpu --qsys true --simulation_enabled false --id 0 --sidp 0x9000020 --timestamp 1667722989 --stderr_dev jtag_uart --stdin_dev jtag_uart --stdout_dev jtag_uart --sopc_system_name SoC --quartus_project_dir "E:/aca/com/8_sem/CO503/Lab1/part2" --jdi E:/aca/com/8_sem/CO503/Lab1/part2/TopLevel.jdi --sopcinfo E:/aca/com/8_sem/CO503/Lab1/part2/SoC.sopcinfo
/build/swbuild/SJ/nightly/12.1/177/l32/work/ip/sopc/app/gnu/BUILD/gnu/build-0-newlib.nios2-elf.i686-mingw32/nios2-elf/mno-hw-mul/newlib/libc/reent/../../../../../../src/newlib-1.16/newlib/libc/reent/unlinkr.c:54: warning: warning: unlink is not implemented and will always fail
      1 [main] sh 11952 find_fast_cwd: WARNING: Couldn't compute FAST_CWD pointer.  Please report this problem to
the public mailing list cygwin@cygwin.com
      1 [main] uname 13772 find_fast_cwd: WARNING: Couldn't compute FAST_CWD pointer.  Please report this problem to
the public mailing list cygwin@cygwin.com
      1 [main] sh 4808 find_fast_cwd: WARNING: Couldn't compute FAST_CWD pointer.  Please report this problem to
the public mailing list cygwin@cygwin.com
      1 [main] perl 13648 child_info_fork::abort: C:\altera\12.1\quartus\bin\cygwin\bin\cygssp-0.dll: Loaded to different address: parent(0x67280000) != child(0x1F0000)
      1 [main] perl 7748 child_info_fork::abort: C:\altera\12.1\quartus\bin\cygwin\bin\cygssp-0.dll: Loaded to different address: parent(0x67280000) != child(0x650000)
      1 [main] perl 22584 child_info_fork::abort: C:\altera\12.1\quartus\bin\cygwin\bin\cygssp-0.dll: Loaded to different address: parent(0x67280000) != child(0x1F0000)
      1 [main] perl 23660 child_info_fork::abort: C:\altera\12.1\quartus\bin\cygwin\bin\cygssp-0.dll: Loaded to different address: parent(0x67280000) != child(0x1F0000)
      1 [main] perl 716 child_info_fork::abort: C:\altera\12.1\quartus\bin\cygwin\bin\cygssp-0.dll: Loaded to different address: parent(0x67280000) != child(0x1F0000)
      1 [main] perl 1956 child_info_fork::abort: C:\altera\12.1\quartus\bin\cygwin\bin\cygssp-0.dll: Loaded to different address: parent(0x67280000) != child(0x6E0000)
      1 [main] perl 9384 child_info_fork::abort: C:\altera\12.1\quartus\bin\cygwin\bin\cygssp-0.dll: Loaded to different address: parent(0x67280000) != child(0xEA0000)
      1 [main] perl 564 child_info_fork::abort: C:\altera\12.1\quartus\bin\cygwin\bin\cygssp-0.dll: Loaded to different address: parent(0x67280000) != child(0x1F0000)
      1 [main] perl 22192 child_info_fork::abort: C:\altera\12.1\quartus\bin\cygwin\bin\cygssp-0.dll: Loaded to different address: parent(0x67280000) != child(0x1F0000)
      1 [main] perl 11984 child_info_fork::abort: C:\altera\12.1\quartus\bin\cygwin\bin\cygssp-0.dll: Loaded to different address: parent(0x67280000) != child(0x720000)
      2 [main] perl 2800 child_info_fork::abort: C:\altera\12.1\quartus\bin\cygwin\bin\cygssp-0.dll: Loaded to different address: parent(0x67280000) != child(0x1F0000)
      1 [main] perl 12320 child_info_fork::abort: C:\altera\12.1\quartus\bin\cygwin\bin\cygssp-0.dll: Loaded to different address: parent(0x67280000) != child(0x1F0000)

**** Build of configuration Nios II for project JPEG_Encoder ****

Error: Command canceled

**** Build Finished ****

**** Build of configuration Nios II for project JPEG_Encoder ****

make all 
      1 [main] sh 16720 find_fast_cwd: WARNING: Couldn't compute FAST_CWD pointer.  Please report this problem to
the public mailing list cygwin@cygwin.com
      1 [main] sh 14316 find_fast_cwd: WARNING: Couldn't compute FAST_CWD pointer.  Please report this problem to
the public mailing list cygwin@cygwin.com
      1 [main] echo 22240 find_fast_cwd: WARNING: Couldn't compute FAST_CWD pointer.  Please report this problem to
the public mailing list cygwin@cygwin.com
Info: Building ../JPEG_Encoder_bsp/
make --no-print-directory -C ../JPEG_Encoder_bsp/
      1 [main] pwd 19856 find_fast_cwd: WARNING: Couldn't compute FAST_CWD pointer.  Please report this problem to
the public mailing list cygwin@cygwin.com
      1 [main] sh 18016 find_fast_cwd: WARNING: Couldn't compute FAST_CWD pointer.  Please report this problem to
the public mailing list cygwin@cygwin.com
      1 [main] sh 16496 find_fast_cwd: WARNING: Couldn't compute FAST_CWD pointer.  Please report this problem to
the public mailing list cygwin@cygwin.com
[BSP build complete]
      1 [main] true 23884 find_fast_cwd: WARNING: Couldn't compute FAST_CWD pointer.  Please report this problem to
the public mailing list cygwin@cygwin.com
      1 [main] echo 2900 find_fast_cwd: WARNING: Couldn't compute FAST_CWD pointer.  Please report this problem to
the public mailing list cygwin@cygwin.com
Info: Creating JPEG_Encoder.objdump
nios2-elf-objdump --disassemble --syms --all-header --source JPEG_Encoder.elf >JPEG_Encoder.objdump
      1 [main] sh 18208 find_fast_cwd: WARNING: Couldn't compute FAST_CWD pointer.  Please report this problem to
the public mailing list cygwin@cygwin.com
      1 [main] sh 24152 find_fast_cwd: WARNING: Couldn't compute FAST_CWD pointer.  Please report this problem to
the public mailing list cygwin@cygwin.com
[JPEG_Encoder build complete]

**** Build Finished ****

**** Build of configuration Nios II for project JPEG_Encoder ****

make all 
      1 [main] sh 24176 find_fast_cwd: WARNING: Couldn't compute FAST_CWD pointer.  Please report this problem to
the public mailing list cygwin@cygwin.com
      1 [main] sh 21388 find_fast_cwd: WARNING: Couldn't compute FAST_CWD pointer.  Please report this problem to
the public mailing list cygwin@cygwin.com
      1 [main] echo 21560 find_fast_cwd: WARNING: Couldn't compute FAST_CWD pointer.  Please report this problem to
the public mailing list cygwin@cygwin.com
Info: Building ../JPEG_Encoder_bsp/
make --no-print-directory -C ../JPEG_Encoder_bsp/
      1 [main] pwd 23460 find_fast_cwd: WARNING: Couldn't compute FAST_CWD pointer.  Please report this problem to
the public mailing list cygwin@cygwin.com
      1 [main] sh 14268 find_fast_cwd: WARNING: Couldn't compute FAST_CWD pointer.  Please report this problem to
the public mailing list cygwin@cygwin.com
      1 [main] sh 11804 find_fast_cwd: WARNING: Couldn't compute FAST_CWD pointer.  Please report this problem to
the public mailing list cygwin@cygwin.com
[BSP build complete]
      1 [main] echo 22540 find_fast_cwd: WARNING: Couldn't compute FAST_CWD pointer.  Please report this problem to
the public mailing list cygwin@cygwin.com
Info: Compiling jpeg_encoder.c to obj/default/jpeg_encoder.o
      1 [main] mkdir 21512 find_fast_cwd: WARNING: Couldn't compute FAST_CWD pointer.  Please report this problem to
the public mailing list cygwin@cygwin.com
nios2-elf-gcc -xc -MP -MMD -c -I../JPEG_Encoder_bsp//HAL/inc -I../JPEG_Encoder_bsp/ -I../JPEG_Encoder_bsp//drivers/inc  -DSYSTEM_BUS_WIDTH=32 -pipe -D__hal__ -DALT_NO_INSTRUCTION_EMULATION -DALT_SINGLE_THREADED    -O0 -g -Wall   -EL -mno-hw-div -mno-hw-mul -mno-hw-mulx  -o obj/default/jpeg_encoder.o jpeg_encoder.c
      1 [main] true 21120 find_fast_cwd: WARNING: Couldn't compute FAST_CWD pointer.  Please report this problem to
the public mailing list cygwin@cygwin.com
      1 [main] echo 1708 find_fast_cwd: WARNING: Couldn't compute FAST_CWD pointer.  Please report this problem to
the public mailing list cygwin@cygwin.com
Info: Linking JPEG_Encoder.elf
nios2-elf-g++  -T'../JPEG_Encoder_bsp//linker.x' -msys-crt0='../JPEG_Encoder_bsp//obj/HAL/src/crt0.o' -msys-lib=hal_bsp -L../JPEG_Encoder_bsp/   -Wl,-Map=JPEG_Encoder.map   -O0 -g -Wall   -EL -mno-hw-div -mno-hw-mul -mno-hw-mulx  -o JPEG_Encoder.elf obj/default/application/bmp_extract.o obj/default/application/jpeg_encoding.o obj/default/application/jpegclib/cdjpeg.o obj/default/application/jpegclib/jaricom.o obj/default/application/jpegclib/jcapimin.o obj/default/application/jpegclib/jcapistd.o obj/default/application/jpegclib/jcarith.o obj/default/application/jpegclib/jccoefct.o obj/default/application/jpegclib/jccolor.o obj/default/application/jpegclib/jcdctmgr.o obj/default/application/jpegclib/jchuff.o obj/default/application/jpegclib/jcinit.o obj/default/application/jpegclib/jcmainct.o obj/default/application/jpegclib/jcmarker.o obj/default/application/jpegclib/jcmaster.o obj/default/application/jpegclib/jcomapi.o obj/default/application/jpegclib/jcparam.o obj/default/application/jpegclib/jcprepct.o obj/default/application/jpegclib/jcsample.o obj/default/application/jpegclib/jctrans.o obj/default/application/jpegclib/jdatadst.o obj/default/application/jpegclib/jerror.o obj/default/application/jpegclib/jfdctflt.o obj/default/application/jpegclib/jfdctfst.o obj/default/application/jpegclib/jfdctint.o obj/default/application/jpegclib/jidctflt.o obj/default/application/jpegclib/jidctfst.o obj/default/application/jpegclib/jidctint.o obj/default/application/jpegclib/jmemansi.o obj/default/application/jpegclib/jmemmgr.o obj/default/application/jpegclib/jquant1.o obj/default/application/jpegclib/jquant2.o obj/default/application/jpegclib/jutils.o obj/default/jpeg_encoder.o -lm 
c:/altera/12.1/nios2eds/bin/gnu/h-i686-mingw32/bin/../lib/gcc/nios2-elf/4.1.2/../../../../nios2-elf/lib/mno-hw-mul\libc.a(lib_a-unlinkr.o): In function `_unlink_r':
nios2-elf-insert JPEG_Encoder.elf --thread_model hal --cpu_name cpu --qsys true --simulation_enabled false --id 0 --sidp 0x9000020 --timestamp 1667722989 --stderr_dev jtag_uart --stdin_dev jtag_uart --stdout_dev jtag_uart --sopc_system_name SoC --quartus_project_dir "E:/aca/com/8_sem/CO503/Lab1/part2" --jdi E:/aca/com/8_sem/CO503/Lab1/part2/TopLevel.jdi --sopcinfo E:/aca/com/8_sem/CO503/Lab1/part2/SoC.sopcinfo
/build/swbuild/SJ/nightly/12.1/177/l32/work/ip/sopc/app/gnu/BUILD/gnu/build-0-newlib.nios2-elf.i686-mingw32/nios2-elf/mno-hw-mul/newlib/libc/reent/../../../../../../src/newlib-1.16/newlib/libc/reent/unlinkr.c:54: warning: warning: unlink is not implemented and will always fail
      1 [main] sh 22592 find_fast_cwd: WARNING: Couldn't compute FAST_CWD pointer.  Please report this problem to
the public mailing list cygwin@cygwin.com
      1 [main] uname 22112 find_fast_cwd: WARNING: Couldn't compute FAST_CWD pointer.  Please report this problem to
the public mailing list cygwin@cygwin.com
      1 [main] sh 4232 find_fast_cwd: WARNING: Couldn't compute FAST_CWD pointer.  Please report this problem to
the public mailing list cygwin@cygwin.com
Info: (JPEG_Encoder.elf) 65810 KBytes program size (code + initialized data).
Info:                    65255 KBytes free for stack + heap.
      1 [main] echo 11732 find_fast_cwd: WARNING: Couldn't compute FAST_CWD pointer.  Please report this problem to
the public mailing list cygwin@cygwin.com
Info: Creating JPEG_Encoder.objdump
nios2-elf-objdump --disassemble --syms --all-header --source JPEG_Encoder.elf >JPEG_Encoder.objdump
      1 [main] sh 21852 find_fast_cwd: WARNING: Couldn't compute FAST_CWD pointer.  Please report this problem to
the public mailing list cygwin@cygwin.com
      1 [main] sh 23724 find_fast_cwd: WARNING: Couldn't compute FAST_CWD pointer.  Please report this problem to
the public mailing list cygwin@cygwin.com
[JPEG_Encoder build complete]

**** Build Finished ****

**** Build of configuration Nios II for project JPEG_Encoder ****

make all 
      1 [main] sh 24312 find_fast_cwd: WARNING: Couldn't compute FAST_CWD pointer.  Please report this problem to
the public mailing list cygwin@cygwin.com
      1 [main] sh 18236 find_fast_cwd: WARNING: Couldn't compute FAST_CWD pointer.  Please report this problem to
the public mailing list cygwin@cygwin.com
      1 [main] echo 17168 find_fast_cwd: WARNING: Couldn't compute FAST_CWD pointer.  Please report this problem to
the public mailing list cygwin@cygwin.com
Info: Building ../JPEG_Encoder_bsp/
make --no-print-directory -C ../JPEG_Encoder_bsp/
      1 [main] pwd 5404 find_fast_cwd: WARNING: Couldn't compute FAST_CWD pointer.  Please report this problem to
the public mailing list cygwin@cygwin.com
      1 [main] sh 15684 find_fast_cwd: WARNING: Couldn't compute FAST_CWD pointer.  Please report this problem to
the public mailing list cygwin@cygwin.com
      1 [main] sh 20432 find_fast_cwd: WARNING: Couldn't compute FAST_CWD pointer.  Please report this problem to
the public mailing list cygwin@cygwin.com
[BSP build complete]
      1 [main] echo 1252 find_fast_cwd: WARNING: Couldn't compute FAST_CWD pointer.  Please report this problem to
the public mailing list cygwin@cygwin.com
Info: Compiling jpeg_encoder.c to obj/default/jpeg_encoder.o
      1 [main] mkdir 5824 find_fast_cwd: WARNING: Couldn't compute FAST_CWD pointer.  Please report this problem to
nios2-elf-gcc -xc -MP -MMD -c -I../JPEG_Encoder_bsp//HAL/inc -I../JPEG_Encoder_bsp/ -I../JPEG_Encoder_bsp//drivers/inc  -DSYSTEM_BUS_WIDTH=32 -pipe -D__hal__ -DALT_NO_INSTRUCTION_EMULATION -DALT_SINGLE_THREADED    -O0 -g -Wall   -EL -mno-hw-div -mno-hw-mul -mno-hw-mulx  -o obj/default/jpeg_encoder.o jpeg_encoder.c
the public mailing list cygwin@cygwin.com
      1 [main] true 7076 find_fast_cwd: WARNING: Couldn't compute FAST_CWD pointer.  Please report this problem to
the public mailing list cygwin@cygwin.com
      1 [main] echo 24376 find_fast_cwd: WARNING: Couldn't compute FAST_CWD pointer.  Please report this problem to
the public mailing list cygwin@cygwin.com
Info: Linking JPEG_Encoder.elf
nios2-elf-g++  -T'../JPEG_Encoder_bsp//linker.x' -msys-crt0='../JPEG_Encoder_bsp//obj/HAL/src/crt0.o' -msys-lib=hal_bsp -L../JPEG_Encoder_bsp/   -Wl,-Map=JPEG_Encoder.map   -O0 -g -Wall   -EL -mno-hw-div -mno-hw-mul -mno-hw-mulx  -o JPEG_Encoder.elf obj/default/application/bmp_extract.o obj/default/application/jpeg_encoding.o obj/default/application/jpegclib/cdjpeg.o obj/default/application/jpegclib/jaricom.o obj/default/application/jpegclib/jcapimin.o obj/default/application/jpegclib/jcapistd.o obj/default/application/jpegclib/jcarith.o obj/default/application/jpegclib/jccoefct.o obj/default/application/jpegclib/jccolor.o obj/default/application/jpegclib/jcdctmgr.o obj/default/application/jpegclib/jchuff.o obj/default/application/jpegclib/jcinit.o obj/default/application/jpegclib/jcmainct.o obj/default/application/jpegclib/jcmarker.o obj/default/application/jpegclib/jcmaster.o obj/default/application/jpegclib/jcomapi.o obj/default/application/jpegclib/jcparam.o obj/default/application/jpegclib/jcprepct.o obj/default/application/jpegclib/jcsample.o obj/default/application/jpegclib/jctrans.o obj/default/application/jpegclib/jdatadst.o obj/default/application/jpegclib/jerror.o obj/default/application/jpegclib/jfdctflt.o obj/default/application/jpegclib/jfdctfst.o obj/default/application/jpegclib/jfdctint.o obj/default/application/jpegclib/jidctflt.o obj/default/application/jpegclib/jidctfst.o obj/default/application/jpegclib/jidctint.o obj/default/application/jpegclib/jmemansi.o obj/default/application/jpegclib/jmemmgr.o obj/default/application/jpegclib/jquant1.o obj/default/application/jpegclib/jquant2.o obj/default/application/jpegclib/jutils.o obj/default/jpeg_encoder.o -lm 
c:/altera/12.1/nios2eds/bin/gnu/h-i686-mingw32/bin/../lib/gcc/nios2-elf/4.1.2/../../../../nios2-elf/lib/mno-hw-mul\libc.a(lib_a-unlinkr.o): In function `_unlink_r':
nios2-elf-insert JPEG_Encoder.elf --thread_model hal --cpu_name cpu --qsys true --simulation_enabled false --id 0 --sidp 0x9000020 --timestamp 1667722989 --stderr_dev jtag_uart --stdin_dev jtag_uart --stdout_dev jtag_uart --sopc_system_name SoC --quartus_project_dir "E:/aca/com/8_sem/CO503/Lab1/part2" --jdi E:/aca/com/8_sem/CO503/Lab1/part2/TopLevel.jdi --sopcinfo E:/aca/com/8_sem/CO503/Lab1/part2/SoC.sopcinfo
/build/swbuild/SJ/nightly/12.1/177/l32/work/ip/sopc/app/gnu/BUILD/gnu/build-0-newlib.nios2-elf.i686-mingw32/nios2-elf/mno-hw-mul/newlib/libc/reent/../../../../../../src/newlib-1.16/newlib/libc/reent/unlinkr.c:54: warning: warning: unlink is not implemented and will always fail
      1 [main] sh 3612 find_fast_cwd: WARNING: Couldn't compute FAST_CWD pointer.  Please report this problem to
the public mailing list cygwin@cygwin.com
      1 [main] uname 14888 find_fast_cwd: WARNING: Couldn't compute FAST_CWD pointer.  Please report this problem to
the public mailing list cygwin@cygwin.com
      1 [main] sh 12996 find_fast_cwd: WARNING: Couldn't compute FAST_CWD pointer.  Please report this problem to
the public mailing list cygwin@cygwin.com
Info: (JPEG_Encoder.elf) 65810 KBytes program size (code + initialized data).
Info:                    65255 KBytes free for stack + heap.
      2 [main] echo 19696 find_fast_cwd: WARNING: Couldn't compute FAST_CWD pointer.  Please report this problem to
the public mailing list cygwin@cygwin.com
Info: Creating JPEG_Encoder.objdump
nios2-elf-objdump --disassemble --syms --all-header --source JPEG_Encoder.elf >JPEG_Encoder.objdump
      1 [main] sh 15936 find_fast_cwd: WARNING: Couldn't compute FAST_CWD pointer.  Please report this problem to
the public mailing list cygwin@cygwin.com
      1 [main] sh 5068 find_fast_cwd: WARNING: Couldn't compute FAST_CWD pointer.  Please report this problem to
the public mailing list cygwin@cygwin.com
[JPEG_Encoder build complete]

**** Build Finished ****
