
**** Build of configuration Nios II for project JPEG_Encoder ****

make all 
      1 [main] sh 24312 find_fast_cwd: WARNING: Couldn't compute FAST_CWD pointer.  Please report this problem to
the public mailing list cygwin@cygwin.com
      1 [main] sh 18236 find_fast_cwd: WARNING: Couldn't compute FAST_CWD pointer.  Please report this problem to
the public mailing list cygwin@cygwin.com
      1 [main] echo 17168 find_fast_cwd: WARNING: Couldn't compute FAST_CWD pointer.  Please report this problem to
the public mailing list cygwin@cygwin.com
Info: Building ../JPEG_Encoder_bsp/
make --no-print-directory -C ../JPEG_Encoder_bsp/
      1 [main] pwd 5404 find_fast_cwd: WARNING: Couldn't compute FAST_CWD pointer.  Please report this problem to
the public mailing list cygwin@cygwin.com
      1 [main] sh 15684 find_fast_cwd: WARNING: Couldn't compute FAST_CWD pointer.  Please report this problem to
the public mailing list cygwin@cygwin.com
      1 [main] sh 20432 find_fast_cwd: WARNING: Couldn't compute FAST_CWD pointer.  Please report this problem to
the public mailing list cygwin@cygwin.com
[BSP build complete]
      1 [main] echo 1252 find_fast_cwd: WARNING: Couldn't compute FAST_CWD pointer.  Please report this problem to
the public mailing list cygwin@cygwin.com
Info: Compiling jpeg_encoder.c to obj/default/jpeg_encoder.o
      1 [main] mkdir 5824 find_fast_cwd: WARNING: Couldn't compute FAST_CWD pointer.  Please report this problem to
nios2-elf-gcc -xc -MP -MMD -c -I../JPEG_Encoder_bsp//HAL/inc -I../JPEG_Encoder_bsp/ -I../JPEG_Encoder_bsp//drivers/inc  -DSYSTEM_BUS_WIDTH=32 -pipe -D__hal__ -DALT_NO_INSTRUCTION_EMULATION -DALT_SINGLE_THREADED    -O0 -g -Wall   -EL -mno-hw-div -mno-hw-mul -mno-hw-mulx  -o obj/default/jpeg_encoder.o jpeg_encoder.c
the public mailing list cygwin@cygwin.com
      1 [main] true 7076 find_fast_cwd: WARNING: Couldn't compute FAST_CWD pointer.  Please report this problem to
the public mailing list cygwin@cygwin.com
      1 [main] echo 24376 find_fast_cwd: WARNING: Couldn't compute FAST_CWD pointer.  Please report this problem to
the public mailing list cygwin@cygwin.com
Info: Linking JPEG_Encoder.elf
nios2-elf-g++  -T'../JPEG_Encoder_bsp//linker.x' -msys-crt0='../JPEG_Encoder_bsp//obj/HAL/src/crt0.o' -msys-lib=hal_bsp -L../JPEG_Encoder_bsp/   -Wl,-Map=JPEG_Encoder.map   -O0 -g -Wall   -EL -mno-hw-div -mno-hw-mul -mno-hw-mulx  -o JPEG_Encoder.elf obj/default/application/bmp_extract.o obj/default/application/jpeg_encoding.o obj/default/application/jpegclib/cdjpeg.o obj/default/application/jpegclib/jaricom.o obj/default/application/jpegclib/jcapimin.o obj/default/application/jpegclib/jcapistd.o obj/default/application/jpegclib/jcarith.o obj/default/application/jpegclib/jccoefct.o obj/default/application/jpegclib/jccolor.o obj/default/application/jpegclib/jcdctmgr.o obj/default/application/jpegclib/jchuff.o obj/default/application/jpegclib/jcinit.o obj/default/application/jpegclib/jcmainct.o obj/default/application/jpegclib/jcmarker.o obj/default/application/jpegclib/jcmaster.o obj/default/application/jpegclib/jcomapi.o obj/default/application/jpegclib/jcparam.o obj/default/application/jpegclib/jcprepct.o obj/default/application/jpegclib/jcsample.o obj/default/application/jpegclib/jctrans.o obj/default/application/jpegclib/jdatadst.o obj/default/application/jpegclib/jerror.o obj/default/application/jpegclib/jfdctflt.o obj/default/application/jpegclib/jfdctfst.o obj/default/application/jpegclib/jfdctint.o obj/default/application/jpegclib/jidctflt.o obj/default/application/jpegclib/jidctfst.o obj/default/application/jpegclib/jidctint.o obj/default/application/jpegclib/jmemansi.o obj/default/application/jpegclib/jmemmgr.o obj/default/application/jpegclib/jquant1.o obj/default/application/jpegclib/jquant2.o obj/default/application/jpegclib/jutils.o obj/default/jpeg_encoder.o -lm 
c:/altera/12.1/nios2eds/bin/gnu/h-i686-mingw32/bin/../lib/gcc/nios2-elf/4.1.2/../../../../nios2-elf/lib/mno-hw-mul\libc.a(lib_a-unlinkr.o): In function `_unlink_r':
nios2-elf-insert JPEG_Encoder.elf --thread_model hal --cpu_name cpu --qsys true --simulation_enabled false --id 0 --sidp 0x9000020 --timestamp 1667722989 --stderr_dev jtag_uart --stdin_dev jtag_uart --stdout_dev jtag_uart --sopc_system_name SoC --quartus_project_dir "E:/aca/com/8_sem/CO503/Lab1/part2" --jdi E:/aca/com/8_sem/CO503/Lab1/part2/TopLevel.jdi --sopcinfo E:/aca/com/8_sem/CO503/Lab1/part2/SoC.sopcinfo
/build/swbuild/SJ/nightly/12.1/177/l32/work/ip/sopc/app/gnu/BUILD/gnu/build-0-newlib.nios2-elf.i686-mingw32/nios2-elf/mno-hw-mul/newlib/libc/reent/../../../../../../src/newlib-1.16/newlib/libc/reent/unlinkr.c:54: warning: warning: unlink is not implemented and will always fail
      1 [main] sh 3612 find_fast_cwd: WARNING: Couldn't compute FAST_CWD pointer.  Please report this problem to
the public mailing list cygwin@cygwin.com
      1 [main] uname 14888 find_fast_cwd: WARNING: Couldn't compute FAST_CWD pointer.  Please report this problem to
the public mailing list cygwin@cygwin.com
      1 [main] sh 12996 find_fast_cwd: WARNING: Couldn't compute FAST_CWD pointer.  Please report this problem to
the public mailing list cygwin@cygwin.com
Info: (JPEG_Encoder.elf) 65810 KBytes program size (code + initialized data).
Info:                    65255 KBytes free for stack + heap.
      2 [main] echo 19696 find_fast_cwd: WARNING: Couldn't compute FAST_CWD pointer.  Please report this problem to
the public mailing list cygwin@cygwin.com
Info: Creating JPEG_Encoder.objdump
nios2-elf-objdump --disassemble --syms --all-header --source JPEG_Encoder.elf >JPEG_Encoder.objdump
      1 [main] sh 15936 find_fast_cwd: WARNING: Couldn't compute FAST_CWD pointer.  Please report this problem to
the public mailing list cygwin@cygwin.com
      1 [main] sh 5068 find_fast_cwd: WARNING: Couldn't compute FAST_CWD pointer.  Please report this problem to
the public mailing list cygwin@cygwin.com
[JPEG_Encoder build complete]

**** Build Finished ****
