Info: Starting: Create block symbol file (.bsf)
Info: ip-generate --project-directory=E:/aca/com/8_sem/CO503/Lab1/part2/ --output-directory=E:/aca/com/8_sem/CO503/Lab1/part2/SoC/ --report-file=bsf:E:/aca/com/8_sem/CO503/Lab1/part2/SoC.bsf --system-info=DEVICE_FAMILY="Cyclone IV E" --system-info=DEVICE=EP4CE115F29C7 --system-info=DEVICE_SPEEDGRADE=7 --component-file=E:/aca/com/8_sem/CO503/Lab1/part2/SoC.qsys
Progress: Loading part2/SoC.qsys
Progress: Reading input file
Progress: Adding clock_5MHz [clock_source 12.1]
Progress: Parameterizing module clock_5MHz
Progress: Adding sysid [altera_avalon_sysid_qsys 12.1]
Progress: Parameterizing module sysid
Progress: Adding altpll [altpll 12.1]
Progress: Parameterizing module altpll
Progress: Adding sdram [altera_avalon_new_sdram_controller 12.1]
Progress: Parameterizing module sdram
Progress: Adding jtag_uart [altera_avalon_jtag_uart 12.1]
Progress: Parameterizing module jtag_uart
Progress: Adding pio [altera_avalon_pio 12.1]
Progress: Parameterizing module pio
Progress: Adding cpu [altera_nios2_qsys 12.1]
Progress: Parameterizing module cpu
Progress: Adding timer_0 [altera_avalon_timer 12.1]
Progress: Parameterizing module timer_0
Progress: Adding clock_crossing_bridge [altera_avalon_mm_clock_crossing_bridge 12.1]
Progress: Parameterizing module clock_crossing_bridge
Progress: Building connections
Progress: Parameterizing connections
Progress: Validating
Progress: Done reading input file
Info: SoC.sysid: System ID is not assigned automatically. Edit the System ID parameter to provide a unique ID
Info: SoC.sysid: Time stamp will be automatically updated when this component is generated.
Warning: SoC.altpll: altpll.areset_conduit must be exported, or connected to a matching conduit.
Warning: SoC.altpll: altpll.locked_conduit must be exported, or connected to a matching conduit.
Warning: SoC.altpll: altpll.phasedone_conduit must be exported, or connected to a matching conduit.
Info: ip-generate succeeded.
Info: Finished: Create block symbol file (.bsf)
Info: 
Info: Starting: Create HDL design files for synthesis
Info: ip-generate --project-directory=E:/aca/com/8_sem/CO503/Lab1/part2/ --output-directory=E:/aca/com/8_sem/CO503/Lab1/part2/SoC/synthesis/ --file-set=QUARTUS_SYNTH --report-file=sopcinfo:E:/aca/com/8_sem/CO503/Lab1/part2/SoC.sopcinfo --report-file=html:E:/aca/com/8_sem/CO503/Lab1/part2/SoC.html --report-file=qip:E:/aca/com/8_sem/CO503/Lab1/part2/SoC/synthesis/SoC.qip --report-file=cmp:E:/aca/com/8_sem/CO503/Lab1/part2/SoC.cmp --system-info=DEVICE_FAMILY="Cyclone IV E" --system-info=DEVICE=EP4CE115F29C7 --system-info=DEVICE_SPEEDGRADE=7 --component-file=E:/aca/com/8_sem/CO503/Lab1/part2/SoC.qsys
Progress: Loading part2/SoC.qsys
Progress: Reading input file
Progress: Adding clock_5MHz [clock_source 12.1]
Progress: Parameterizing module clock_5MHz
Progress: Adding sysid [altera_avalon_sysid_qsys 12.1]
Progress: Parameterizing module sysid
Progress: Adding altpll [altpll 12.1]
Progress: Parameterizing module altpll
Progress: Adding sdram [altera_avalon_new_sdram_controller 12.1]
Progress: Parameterizing module sdram
Progress: Adding jtag_uart [altera_avalon_jtag_uart 12.1]
Progress: Parameterizing module jtag_uart
Progress: Adding pio [altera_avalon_pio 12.1]
Progress: Parameterizing module pio
Progress: Adding cpu [altera_nios2_qsys 12.1]
Progress: Parameterizing module cpu
Progress: Adding timer_0 [altera_avalon_timer 12.1]
Progress: Parameterizing module timer_0
Progress: Adding clock_crossing_bridge [altera_avalon_mm_clock_crossing_bridge 12.1]
Progress: Parameterizing module clock_crossing_bridge
Progress: Building connections
Progress: Parameterizing connections
Progress: Validating
Progress: Done reading input file
Info: SoC.sysid: System ID is not assigned automatically. Edit the System ID parameter to provide a unique ID
Info: SoC.sysid: Time stamp will be automatically updated when this component is generated.
Warning: SoC.altpll: altpll.areset_conduit must be exported, or connected to a matching conduit.
Warning: SoC.altpll: altpll.locked_conduit must be exported, or connected to a matching conduit.
Warning: SoC.altpll: altpll.phasedone_conduit must be exported, or connected to a matching conduit.
Info: SoC: Generating SoC "SoC" for QUARTUS_SYNTH
Info: pipeline_bridge_swap_transform: After transform: 9 modules, 40 connections
Info: No custom instruction connections, skipping transform 
Info: merlin_translator_transform: After transform: 20 modules, 84 connections
Info: merlin_domain_transform: After transform: 42 modules, 224 connections
Info: merlin_router_transform: After transform: 53 modules, 268 connections
Info: merlin_traffic_limiter_transform: After transform: 55 modules, 278 connections
Info: reset_adaptation_transform: After transform: 58 modules, 223 connections
Info: merlin_network_to_switch_transform: After transform: 78 modules, 267 connections
Info: Inserting clock-crossing logic between cmd_xbar_demux_001.src5 and cmd_xbar_mux_005.sink0
Info: Inserting clock-crossing logic between rsp_xbar_demux_005.src0 and rsp_xbar_mux_001.sink5
Info: com_altera_sopcmodel_transforms_avalon_ClockCrossingTransform: After transform: 80 modules, 277 connections
Info: limiter_update_transform: After transform: 80 modules, 279 connections
Info: merlin_interrupt_mapper_transform: After transform: 81 modules, 282 connections
Info: merlin_interrupt_sync_transform: After transform: 82 modules, 287 connections
Info: sysid: "SoC" instantiated altera_avalon_sysid_qsys "sysid"
Info: altpll: "SoC" instantiated altpll "altpll"
Info: Starting classic module elaboration.
      1 [main] sh 3444 find_fast_cwd: WARNING: Couldn't compute FAST_CWD pointer.  Please report this problem to
the public mailing list cygwin@cygwin.com
Qt: Untested Windows version 6.2 detected!
"c:/altera/12.1/quartus/bin/jre/bin/java.exe" -Xmx512M -classpath "c:/altera/12.1/quartus/sopc_builder/bin/sopc_builder.jar;c:/altera/12.1/quartus/sopc_builder/bin/PinAssigner.jar;c:/altera/12.1/quartus/sopc_builder/bin/sopc_wizard.jar;c:/altera/12.1/quartus/sopc_builder/bin/jptf.jar" sopc_builder.sopc_builder  -d"c:/altera/12.1/quartus/sopc_builder" -notalkback=1 -projectnameyysystem.qpf -projectpathC:/Users/Vishwa/AppData/Local/Temp/alt9302_6394194776770287244.dir/0004_sopclgen  --no_splash --refresh C:/Users/Vishwa/AppData/Local/Temp/alt9302_6394194776770287244.dir/0004_sopclgen/yysystem.v --quartus_dir="c:/altera/12.1/quartus" --sopc_perl="c:/altera/12.1/quartus/bin/perl" --sopc_lib_path="++c:/altera/12.1/quartus/../ip/altera/sopc_builder_ip+c:/altera/12.1/quartus/../ip/altera/nios2_ip"
Info: Finished elaborating classic module.
Executing: C:/altera/12.1/quartus//sopc_builder/bin/sopc_builder --classic --generate C:/Users/Vishwa/AppData/Local/Temp/alt9302_6394194776770287244.dir/0004_sopclgen/yysystem.ptf
Info: Running sopc_builder...
      1 [main] sh 22964 find_fast_cwd: WARNING: Couldn't compute FAST_CWD pointer.  Please report this problem to
the public mailing list cygwin@cygwin.com
Qt: Untested Windows version 6.2 detected!
"c:/altera/12.1/quartus/bin/jre/bin/java.exe" -Xmx512M -classpath "c:/altera/12.1/quartus/sopc_builder/bin/sopc_builder.jar;c:/altera/12.1/quartus/sopc_builder/bin/PinAssigner.jar;c:/altera/12.1/quartus/sopc_builder/bin/sopc_wizard.jar;c:/altera/12.1/quartus/sopc_builder/bin/jptf.jar" sopc_builder.sopc_builder  -d"c:/altera/12.1/quartus/sopc_builder" -notalkback=1 -projectnameyysystem.qpf -projectpathC:/Users/Vishwa/AppData/Local/Temp/alt9302_6394194776770287244.dir/0004_sopclgen  --generate C:/Users/Vishwa/AppData/Local/Temp/alt9302_6394194776770287244.dir/0004_sopclgen/yysystem.v --quartus_dir="c:/altera/12.1/quartus" --sopc_perl="c:/altera/12.1/quartus/bin/perl" --sopc_lib_path="++c:/altera/12.1/quartus/../ip/altera/sopc_builder_ip+c:/altera/12.1/quartus/../ip/altera/nios2_ip"
No .sopc_builder configuration file(!)
.
.
# 2022.11.06 13:53:23 (*) Running Test Generator Program for SoC_sdram
# 2022.11.06 13:53:24 (*) Success: sopc_builder finished.
Info: sdram: "SoC" instantiated altera_avalon_new_sdram_controller "sdram"
Info: Starting classic module elaboration.
      1 [main] sh 3180 find_fast_cwd: WARNING: Couldn't compute FAST_CWD pointer.  Please report this problem to
the public mailing list cygwin@cygwin.com
Qt: Untested Windows version 6.2 detected!
"c:/altera/12.1/quartus/bin/jre/bin/java.exe" -Xmx512M -classpath "c:/altera/12.1/quartus/sopc_builder/bin/sopc_builder.jar;c:/altera/12.1/quartus/sopc_builder/bin/PinAssigner.jar;c:/altera/12.1/quartus/sopc_builder/bin/sopc_wizard.jar;c:/altera/12.1/quartus/sopc_builder/bin/jptf.jar" sopc_builder.sopc_builder  -d"c:/altera/12.1/quartus/sopc_builder" -notalkback=1 -projectnameyysystem.qpf -projectpathC:/Users/Vishwa/AppData/Local/Temp/alt9302_6394194776770287244.dir/0005_sopclgen  --no_splash --refresh C:/Users/Vishwa/AppData/Local/Temp/alt9302_6394194776770287244.dir/0005_sopclgen/yysystem.v --quartus_dir="c:/altera/12.1/quartus" --sopc_perl="c:/altera/12.1/quartus/bin/perl" --sopc_lib_path="++c:/altera/12.1/quartus/../ip/altera/sopc_builder_ip+c:/altera/12.1/quartus/../ip/altera/nios2_ip"
Info: Finished elaborating classic module.
Executing: C:/altera/12.1/quartus//sopc_builder/bin/sopc_builder --classic --generate C:/Users/Vishwa/AppData/Local/Temp/alt9302_6394194776770287244.dir/0005_sopclgen/yysystem.ptf
Info: Running sopc_builder...
      1 [main] sh 23036 find_fast_cwd: WARNING: Couldn't compute FAST_CWD pointer.  Please report this problem to
the public mailing list cygwin@cygwin.com
Qt: Untested Windows version 6.2 detected!
"c:/altera/12.1/quartus/bin/jre/bin/java.exe" -Xmx512M -classpath "c:/altera/12.1/quartus/sopc_builder/bin/sopc_builder.jar;c:/altera/12.1/quartus/sopc_builder/bin/PinAssigner.jar;c:/altera/12.1/quartus/sopc_builder/bin/sopc_wizard.jar;c:/altera/12.1/quartus/sopc_builder/bin/jptf.jar" sopc_builder.sopc_builder  -d"c:/altera/12.1/quartus/sopc_builder" -notalkback=1 -projectnameyysystem.qpf -projectpathC:/Users/Vishwa/AppData/Local/Temp/alt9302_6394194776770287244.dir/0005_sopclgen  --generate C:/Users/Vishwa/AppData/Local/Temp/alt9302_6394194776770287244.dir/0005_sopclgen/yysystem.v --quartus_dir="c:/altera/12.1/quartus" --sopc_perl="c:/altera/12.1/quartus/bin/perl" --sopc_lib_path="++c:/altera/12.1/quartus/../ip/altera/sopc_builder_ip+c:/altera/12.1/quartus/../ip/altera/nios2_ip"
No .sopc_builder configuration file(!)
.
# 2022.11.06 13:53:29 (*) Success: sopc_builder finished.
Info: jtag_uart: "SoC" instantiated altera_avalon_jtag_uart "jtag_uart"
Info: Starting classic module elaboration.
      1 [main] sh 14584 find_fast_cwd: WARNING: Couldn't compute FAST_CWD pointer.  Please report this problem to
the public mailing list cygwin@cygwin.com
Qt: Untested Windows version 6.2 detected!
"c:/altera/12.1/quartus/bin/jre/bin/java.exe" -Xmx512M -classpath "c:/altera/12.1/quartus/sopc_builder/bin/sopc_builder.jar;c:/altera/12.1/quartus/sopc_builder/bin/PinAssigner.jar;c:/altera/12.1/quartus/sopc_builder/bin/sopc_wizard.jar;c:/altera/12.1/quartus/sopc_builder/bin/jptf.jar" sopc_builder.sopc_builder  -d"c:/altera/12.1/quartus/sopc_builder" -notalkback=1 -projectnameyysystem.qpf -projectpathC:/Users/Vishwa/AppData/Local/Temp/alt9302_6394194776770287244.dir/0006_sopclgen  --no_splash --refresh C:/Users/Vishwa/AppData/Local/Temp/alt9302_6394194776770287244.dir/0006_sopclgen/yysystem.v --quartus_dir="c:/altera/12.1/quartus" --sopc_perl="c:/altera/12.1/quartus/bin/perl" --sopc_lib_path="++c:/altera/12.1/quartus/../ip/altera/sopc_builder_ip+c:/altera/12.1/quartus/../ip/altera/nios2_ip"
Info: Finished elaborating classic module.
Executing: C:/altera/12.1/quartus//sopc_builder/bin/sopc_builder --classic --generate C:/Users/Vishwa/AppData/Local/Temp/alt9302_6394194776770287244.dir/0006_sopclgen/yysystem.ptf
Info: Running sopc_builder...
      1 [main] sh 12064 find_fast_cwd: WARNING: Couldn't compute FAST_CWD pointer.  Please report this problem to
the public mailing list cygwin@cygwin.com
Qt: Untested Windows version 6.2 detected!
"c:/altera/12.1/quartus/bin/jre/bin/java.exe" -Xmx512M -classpath "c:/altera/12.1/quartus/sopc_builder/bin/sopc_builder.jar;c:/altera/12.1/quartus/sopc_builder/bin/PinAssigner.jar;c:/altera/12.1/quartus/sopc_builder/bin/sopc_wizard.jar;c:/altera/12.1/quartus/sopc_builder/bin/jptf.jar" sopc_builder.sopc_builder  -d"c:/altera/12.1/quartus/sopc_builder" -notalkback=1 -projectnameyysystem.qpf -projectpathC:/Users/Vishwa/AppData/Local/Temp/alt9302_6394194776770287244.dir/0006_sopclgen  --generate C:/Users/Vishwa/AppData/Local/Temp/alt9302_6394194776770287244.dir/0006_sopclgen/yysystem.v --quartus_dir="c:/altera/12.1/quartus" --sopc_perl="c:/altera/12.1/quartus/bin/perl" --sopc_lib_path="++c:/altera/12.1/quartus/../ip/altera/sopc_builder_ip+c:/altera/12.1/quartus/../ip/altera/nios2_ip"
No .sopc_builder configuration file(!)
.
# 2022.11.06 13:53:34 (*) Success: sopc_builder finished.
Info: pio: "SoC" instantiated altera_avalon_pio "pio"
Info: cpu: Starting RTL generation for module 'SoC_cpu'
Info: cpu:   Generation command is [exec C:/altera/12.1/quartus/../ip/altera/nios2_ip/altera_nios2/eperl.exe -I C:/altera/12.1/quartus/common/ip/altera/common/perl/5.8.3 -I C:/altera/12.1/quartus/sopc_builder/bin/europa -I C:/altera/12.1/quartus/sopc_builder/bin/perl_lib -I C:/altera/12.1/quartus/sopc_builder/bin -I C:/altera/12.1/quartus/../ip/altera/nios2_ip/altera_nios2/cpu_lib -I C:/altera/12.1/quartus/../ip/altera/nios2_ip/altera_nios2/nios_lib -I C:/altera/12.1/quartus/../ip/altera/nios2_ip/altera_nios2 -I C:/altera/12.1/quartus/../ip/altera/nios2_ip/altera_nios2 -- C:/altera/12.1/quartus/../ip/altera/nios2_ip/altera_nios2/generate_rtl.epl --name=SoC_cpu --dir=C:/Users/Vishwa/AppData/Local/Temp/alt9302_6394194776770287244.dir/0007_cpu_gen/ --quartus_dir=C:/altera/12.1/quartus --verilog --config=C:/Users/Vishwa/AppData/Local/Temp/alt9302_6394194776770287244.dir/0007_cpu_gen//SoC_cpu_processor_configuration.pl  --do_build_sim=0    --bogus  ]
Info: cpu: # 2022.11.06 13:53:36 (*) Starting Nios II generation
Info: cpu: # 2022.11.06 13:53:36 (*)   Checking for plaintext license.
Info: cpu: # 2022.11.06 13:53:37 (*)   Plaintext license not found.
Info: cpu: # 2022.11.06 13:53:37 (*)   Checking for encrypted license (non-evaluation).
Info: cpu: # 2022.11.06 13:53:39 (*)   Encrypted license found.  SOF will not be time-limited.
Info: cpu: # 2022.11.06 13:53:39 (*)   Elaborating CPU configuration settings
Info: cpu: # 2022.11.06 13:53:39 (*)   Creating all objects for CPU
Info: cpu: # 2022.11.06 13:53:40 (*)     Pipeline frontend
Info: cpu: # 2022.11.06 13:53:41 (*)   Generating RTL from CPU objects
Info: cpu: # 2022.11.06 13:53:42 (*)   Creating encrypted RTL
Info: cpu: # 2022.11.06 13:53:43 (*) Done Nios II generation
Info: cpu: Done RTL generation for module 'SoC_cpu'
Info: cpu: "SoC" instantiated altera_nios2_qsys "cpu"
Info: Starting classic module elaboration.
      1 [main] sh 15480 find_fast_cwd: WARNING: Couldn't compute FAST_CWD pointer.  Please report this problem to
the public mailing list cygwin@cygwin.com
Qt: Untested Windows version 6.2 detected!
"c:/altera/12.1/quartus/bin/jre/bin/java.exe" -Xmx512M -classpath "c:/altera/12.1/quartus/sopc_builder/bin/sopc_builder.jar;c:/altera/12.1/quartus/sopc_builder/bin/PinAssigner.jar;c:/altera/12.1/quartus/sopc_builder/bin/sopc_wizard.jar;c:/altera/12.1/quartus/sopc_builder/bin/jptf.jar" sopc_builder.sopc_builder  -d"c:/altera/12.1/quartus/sopc_builder" -notalkback=1 -projectnameyysystem.qpf -projectpathC:/Users/Vishwa/AppData/Local/Temp/alt9302_6394194776770287244.dir/0008_sopclgen  --no_splash --refresh C:/Users/Vishwa/AppData/Local/Temp/alt9302_6394194776770287244.dir/0008_sopclgen/yysystem.v --quartus_dir="c:/altera/12.1/quartus" --sopc_perl="c:/altera/12.1/quartus/bin/perl" --sopc_lib_path="++c:/altera/12.1/quartus/../ip/altera/sopc_builder_ip+c:/altera/12.1/quartus/../ip/altera/nios2_ip"
Info: Finished elaborating classic module.
Executing: C:/altera/12.1/quartus//sopc_builder/bin/sopc_builder --classic --generate C:/Users/Vishwa/AppData/Local/Temp/alt9302_6394194776770287244.dir/0008_sopclgen/yysystem.ptf
Info: Running sopc_builder...
      1 [main] sh 18640 find_fast_cwd: WARNING: Couldn't compute FAST_CWD pointer.  Please report this problem to
the public mailing list cygwin@cygwin.com
Qt: Untested Windows version 6.2 detected!
"c:/altera/12.1/quartus/bin/jre/bin/java.exe" -Xmx512M -classpath "c:/altera/12.1/quartus/sopc_builder/bin/sopc_builder.jar;c:/altera/12.1/quartus/sopc_builder/bin/PinAssigner.jar;c:/altera/12.1/quartus/sopc_builder/bin/sopc_wizard.jar;c:/altera/12.1/quartus/sopc_builder/bin/jptf.jar" sopc_builder.sopc_builder  -d"c:/altera/12.1/quartus/sopc_builder" -notalkback=1 -projectnameyysystem.qpf -projectpathC:/Users/Vishwa/AppData/Local/Temp/alt9302_6394194776770287244.dir/0008_sopclgen  --generate C:/Users/Vishwa/AppData/Local/Temp/alt9302_6394194776770287244.dir/0008_sopclgen/yysystem.v --quartus_dir="c:/altera/12.1/quartus" --sopc_perl="c:/altera/12.1/quartus/bin/perl" --sopc_lib_path="++c:/altera/12.1/quartus/../ip/altera/sopc_builder_ip+c:/altera/12.1/quartus/../ip/altera/nios2_ip"
No .sopc_builder configuration file(!)
.
# 2022.11.06 13:53:48 (*) Success: sopc_builder finished.
Info: timer_0: "SoC" instantiated altera_avalon_timer "timer_0"
Info: clock_crossing_bridge: "SoC" instantiated altera_avalon_mm_clock_crossing_bridge "clock_crossing_bridge"
Info: cpu_instruction_master_translator: "SoC" instantiated altera_merlin_master_translator "cpu_instruction_master_translator"
Info: cpu_jtag_debug_module_translator: "SoC" instantiated altera_merlin_slave_translator "cpu_jtag_debug_module_translator"
Info: cpu_instruction_master_translator_avalon_universal_master_0_agent: "SoC" instantiated altera_merlin_master_agent "cpu_instruction_master_translator_avalon_universal_master_0_agent"
Info: cpu_jtag_debug_module_translator_avalon_universal_slave_0_agent: "SoC" instantiated altera_merlin_slave_agent "cpu_jtag_debug_module_translator_avalon_universal_slave_0_agent"
Info: cpu_jtag_debug_module_translator_avalon_universal_slave_0_agent_rsp_fifo: "SoC" instantiated altera_avalon_sc_fifo "cpu_jtag_debug_module_translator_avalon_universal_slave_0_agent_rsp_fifo"
Info: addr_router: "SoC" instantiated altera_merlin_router "addr_router"
Info: addr_router_001: "SoC" instantiated altera_merlin_router "addr_router_001"
Info: id_router: "SoC" instantiated altera_merlin_router "id_router"
Info: id_router_003: "SoC" instantiated altera_merlin_router "id_router_003"
Info: addr_router_002: "SoC" instantiated altera_merlin_router "addr_router_002"
Info: id_router_006: "SoC" instantiated altera_merlin_router "id_router_006"
Info: limiter: "SoC" instantiated altera_merlin_traffic_limiter "limiter"
Info: rst_controller: "SoC" instantiated altera_reset_controller "rst_controller"
Info: cmd_xbar_demux: "SoC" instantiated altera_merlin_demultiplexer "cmd_xbar_demux"
Info: cmd_xbar_demux_001: "SoC" instantiated altera_merlin_demultiplexer "cmd_xbar_demux_001"
Info: cmd_xbar_mux: "SoC" instantiated altera_merlin_multiplexer "cmd_xbar_mux"
Info: rsp_xbar_demux: "SoC" instantiated altera_merlin_demultiplexer "rsp_xbar_demux"
Info: rsp_xbar_demux_003: "SoC" instantiated altera_merlin_demultiplexer "rsp_xbar_demux_003"
Info: rsp_xbar_mux: "SoC" instantiated altera_merlin_multiplexer "rsp_xbar_mux"
Info: Reusing file E:/aca/com/8_sem/CO503/Lab1/part2/SoC/synthesis/submodules/altera_merlin_arbitrator.sv
Info: rsp_xbar_mux_001: "SoC" instantiated altera_merlin_multiplexer "rsp_xbar_mux_001"
Info: Reusing file E:/aca/com/8_sem/CO503/Lab1/part2/SoC/synthesis/submodules/altera_merlin_arbitrator.sv
Info: cmd_xbar_demux_002: "SoC" instantiated altera_merlin_demultiplexer "cmd_xbar_demux_002"
Info: rsp_xbar_demux_006: "SoC" instantiated altera_merlin_demultiplexer "rsp_xbar_demux_006"
Info: rsp_xbar_mux_002: "SoC" instantiated altera_merlin_multiplexer "rsp_xbar_mux_002"
Info: Reusing file E:/aca/com/8_sem/CO503/Lab1/part2/SoC/synthesis/submodules/altera_merlin_arbitrator.sv
Info: crosser: "SoC" instantiated altera_avalon_st_handshake_clock_crosser "crosser"
Info: Reusing file E:/aca/com/8_sem/CO503/Lab1/part2/SoC/synthesis/submodules/altera_avalon_st_pipeline_base.v
Info: irq_mapper: "SoC" instantiated altera_irq_mapper "irq_mapper"
Info: irq_synchronizer: "SoC" instantiated altera_irq_clock_crosser "irq_synchronizer"
Info: SoC: Done SoC" with 35 modules, 115 files, 1944317 bytes
Info: ip-generate succeeded.
Info: Finished: Create HDL design files for synthesis
